{"/home/travis/build/npmtest/node-npmtest-vantage/test.js":{"path":"/home/travis/build/npmtest/node-npmtest-vantage/test.js","s":{"1":2,"2":2,"3":2,"4":2,"5":2,"6":2,"7":2,"8":1,"9":2,"10":2,"11":1,"12":1,"13":1,"14":1,"15":2,"16":2,"17":2,"18":2,"19":1,"20":1,"21":2,"22":2,"23":2,"24":1,"25":1,"26":1,"27":1,"28":1,"29":1,"30":1,"31":1,"32":1,"33":1,"34":1,"35":1,"36":1,"37":1,"38":1,"39":2,"40":2,"41":1,"42":2,"43":2,"44":1,"45":2,"46":2,"47":1,"48":2,"49":2,"50":1,"51":1,"52":1,"53":1,"54":1},"b":{"1":[2,1,1,1],"2":[1,1,1,1],"3":[1,1],"4":[1,1],"5":[1,1],"6":[1,1],"7":[1,1],"8":[1,1],"9":[1,1],"10":[1,1,1],"11":[1,1],"12":[1,1],"13":[1,1],"14":[1,1],"15":[1,1],"16":[1,1],"17":[1,1]},"f":{"1":2,"2":2,"3":2,"4":2,"5":2,"6":1,"7":1,"8":1,"9":2,"10":2,"11":2,"12":2,"13":1},"fnMap":{"1":{"name":"(anonymous_1)","line":12,"loc":{"start":{"line":12,"column":1},"end":{"line":12,"column":13}}},"2":{"name":"(anonymous_2)","line":19,"loc":{"start":{"line":19,"column":5},"end":{"line":19,"column":17}}},"3":{"name":"(anonymous_3)","line":23,"loc":{"start":{"line":23,"column":24},"end":{"line":23,"column":36}}},"4":{"name":"(anonymous_4)","line":61,"loc":{"start":{"line":61,"column":5},"end":{"line":61,"column":17}}},"5":{"name":"(anonymous_5)","line":82,"loc":{"start":{"line":82,"column":5},"end":{"line":82,"column":17}}},"6":{"name":"(anonymous_6)","line":91,"loc":{"start":{"line":91,"column":77},"end":{"line":94,"column":10}}},"7":{"name":"(anonymous_7)","line":112,"loc":{"start":{"line":112,"column":83},"end":{"line":115,"column":10}},"skip":true},"8":{"name":"(anonymous_8)","line":123,"loc":{"start":{"line":123,"column":77},"end":{"line":126,"column":10}},"skip":true},"9":{"name":"(anonymous_9)","line":139,"loc":{"start":{"line":139,"column":12},"end":{"line":139,"column":40}},"skip":true},"10":{"name":"(anonymous_10)","line":147,"loc":{"start":{"line":147,"column":77},"end":{"line":150,"column":10}},"skip":true},"11":{"name":"(anonymous_11)","line":158,"loc":{"start":{"line":158,"column":83},"end":{"line":161,"column":10}},"skip":true},"12":{"name":"(anonymous_12)","line":169,"loc":{"start":{"line":169,"column":79},"end":{"line":172,"column":10}},"skip":true},"13":{"name":"(anonymous_13)","line":180,"loc":{"start":{"line":180,"column":75},"end":{"line":183,"column":10}},"skip":true}},"statementMap":{"1":{"start":{"line":12,"column":0},"end":{"line":195,"column":5}},"2":{"start":{"line":14,"column":4},"end":{"line":14,"column":14}},"3":{"start":{"line":19,"column":4},"end":{"line":56,"column":9}},"4":{"start":{"line":21,"column":8},"end":{"line":21,"column":19}},"5":{"start":{"line":23,"column":8},"end":{"line":35,"column":13}},"6":{"start":{"line":24,"column":12},"end":{"line":34,"column":13}},"7":{"start":{"line":25,"column":16},"end":{"line":28,"column":30}},"8":{"start":{"line":30,"column":16},"end":{"line":33,"column":27}},"9":{"start":{"line":37,"column":8},"end":{"line":39,"column":21}},"10":{"start":{"line":40,"column":8},"end":{"line":53,"column":9}},"11":{"start":{"line":43,"column":12},"end":{"line":46,"column":14}},"12":{"start":{"line":47,"column":12},"end":{"line":47,"column":18}},"13":{"start":{"line":50,"column":12},"end":{"line":51,"column":46}},"14":{"start":{"line":52,"column":12},"end":{"line":52,"column":18}},"15":{"start":{"line":55,"column":8},"end":{"line":55,"column":35}},"16":{"start":{"line":61,"column":4},"end":{"line":63,"column":9}},"17":{"start":{"line":62,"column":8},"end":{"line":62,"column":15}},"18":{"start":{"line":64,"column":4},"end":{"line":77,"column":5}},"19":{"start":{"line":70,"column":8},"end":{"line":70,"column":14}},"20":{"start":{"line":76,"column":8},"end":{"line":76,"column":14}},"21":{"start":{"line":82,"column":4},"end":{"line":84,"column":9}},"22":{"start":{"line":83,"column":8},"end":{"line":83,"column":15}},"23":{"start":{"line":85,"column":4},"end":{"line":194,"column":5}},"24":{"start":{"line":91,"column":8},"end":{"line":99,"column":10}},"25":{"start":{"line":98,"column":12},"end":{"line":98,"column":35}},"26":{"start":{"line":102,"column":8},"end":{"line":104,"column":63}},"27":{"start":{"line":105,"column":8},"end":{"line":105,"column":14}},"28":{"start":{"line":112,"column":8},"end":{"line":121,"column":10},"skip":true},"29":{"start":{"line":119,"column":12},"end":{"line":119,"column":55},"skip":true},"30":{"start":{"line":120,"column":12},"end":{"line":120,"column":48},"skip":true},"31":{"start":{"line":123,"column":8},"end":{"line":136,"column":10},"skip":true},"32":{"start":{"line":130,"column":12},"end":{"line":130,"column":76},"skip":true},"33":{"start":{"line":131,"column":12},"end":{"line":131,"column":73},"skip":true},"34":{"start":{"line":132,"column":12},"end":{"line":132,"column":74},"skip":true},"35":{"start":{"line":133,"column":12},"end":{"line":133,"column":79},"skip":true},"36":{"start":{"line":134,"column":12},"end":{"line":134,"column":25},"skip":true},"37":{"start":{"line":135,"column":12},"end":{"line":135,"column":45},"skip":true},"38":{"start":{"line":138,"column":8},"end":{"line":145,"column":14},"skip":true},"39":{"start":{"line":143,"column":16},"end":{"line":143,"column":29},"skip":true},"40":{"start":{"line":144,"column":16},"end":{"line":144,"column":55},"skip":true},"41":{"start":{"line":147,"column":8},"end":{"line":156,"column":10},"skip":true},"42":{"start":{"line":154,"column":12},"end":{"line":154,"column":25},"skip":true},"43":{"start":{"line":155,"column":12},"end":{"line":155,"column":45},"skip":true},"44":{"start":{"line":158,"column":8},"end":{"line":167,"column":10},"skip":true},"45":{"start":{"line":165,"column":12},"end":{"line":165,"column":25},"skip":true},"46":{"start":{"line":166,"column":12},"end":{"line":166,"column":48},"skip":true},"47":{"start":{"line":169,"column":8},"end":{"line":178,"column":10},"skip":true},"48":{"start":{"line":176,"column":12},"end":{"line":176,"column":25},"skip":true},"49":{"start":{"line":177,"column":12},"end":{"line":177,"column":46},"skip":true},"50":{"start":{"line":180,"column":8},"end":{"line":189,"column":10},"skip":true},"51":{"start":{"line":187,"column":12},"end":{"line":187,"column":94},"skip":true},"52":{"start":{"line":188,"column":12},"end":{"line":188,"column":48},"skip":true},"53":{"start":{"line":192,"column":8},"end":{"line":192,"column":35},"skip":true},"54":{"start":{"line":193,"column":8},"end":{"line":193,"column":14},"skip":true}},"branchMap":{"1":{"line":25,"type":"binary-expr","locations":[{"start":{"line":25,"column":23},"end":{"line":25,"column":62}},{"start":{"line":26,"column":20},"end":{"line":26,"column":70}},{"start":{"line":27,"column":20},"end":{"line":27,"column":71}},{"start":{"line":28,"column":20},"end":{"line":28,"column":29}}]},"2":{"line":30,"type":"binary-expr","locations":[{"start":{"line":30,"column":23},"end":{"line":30,"column":37}},{"start":{"line":31,"column":20},"end":{"line":31,"column":61}},{"start":{"line":32,"column":20},"end":{"line":32,"column":70}},{"start":{"line":33,"column":20},"end":{"line":33,"column":26}}]},"3":{"line":37,"type":"cond-expr","locations":[{"start":{"line":38,"column":14},"end":{"line":38,"column":20}},{"start":{"line":39,"column":14},"end":{"line":39,"column":20}}]},"4":{"line":40,"type":"switch","locations":[{"start":{"line":42,"column":8},"end":{"line":47,"column":18}},{"start":{"line":49,"column":8},"end":{"line":52,"column":18}}]},"5":{"line":44,"type":"binary-expr","locations":[{"start":{"line":44,"column":16},"end":{"line":44,"column":44}},{"start":{"line":44,"column":48},"end":{"line":44,"column":66}}]},"6":{"line":50,"type":"binary-expr","locations":[{"start":{"line":50,"column":21},"end":{"line":50,"column":49}},{"start":{"line":50,"column":53},"end":{"line":50,"column":72}}]},"7":{"line":64,"type":"switch","locations":[{"start":{"line":69,"column":4},"end":{"line":70,"column":14}},{"start":{"line":75,"column":4},"end":{"line":76,"column":14}}]},"8":{"line":85,"type":"switch","locations":[{"start":{"line":90,"column":4},"end":{"line":105,"column":14}},{"start":{"line":111,"column":4},"end":{"line":193,"column":14},"skip":true}]},"9":{"line":91,"type":"binary-expr","locations":[{"start":{"line":91,"column":42},"end":{"line":91,"column":73}},{"start":{"line":91,"column":77},"end":{"line":99,"column":9}}]},"10":{"line":102,"type":"binary-expr","locations":[{"start":{"line":102,"column":18},"end":{"line":102,"column":32}},{"start":{"line":103,"column":12},"end":{"line":103,"column":53}},{"start":{"line":104,"column":12},"end":{"line":104,"column":61}}]},"11":{"line":112,"type":"binary-expr","locations":[{"start":{"line":112,"column":45},"end":{"line":112,"column":79},"skip":true},{"start":{"line":112,"column":83},"end":{"line":121,"column":9},"skip":true}]},"12":{"line":123,"type":"binary-expr","locations":[{"start":{"line":123,"column":42},"end":{"line":123,"column":73},"skip":true},{"start":{"line":123,"column":77},"end":{"line":136,"column":9},"skip":true}]},"13":{"line":138,"type":"binary-expr","locations":[{"start":{"line":138,"column":48},"end":{"line":138,"column":85},"skip":true},{"start":{"line":139,"column":12},"end":{"line":145,"column":13},"skip":true}]},"14":{"line":147,"type":"binary-expr","locations":[{"start":{"line":147,"column":42},"end":{"line":147,"column":73},"skip":true},{"start":{"line":147,"column":77},"end":{"line":156,"column":9},"skip":true}]},"15":{"line":158,"type":"binary-expr","locations":[{"start":{"line":158,"column":45},"end":{"line":158,"column":79},"skip":true},{"start":{"line":158,"column":83},"end":{"line":167,"column":9},"skip":true}]},"16":{"line":169,"type":"binary-expr","locations":[{"start":{"line":169,"column":43},"end":{"line":169,"column":75},"skip":true},{"start":{"line":169,"column":79},"end":{"line":178,"column":9},"skip":true}]},"17":{"line":180,"type":"binary-expr","locations":[{"start":{"line":180,"column":41},"end":{"line":180,"column":71},"skip":true},{"start":{"line":180,"column":75},"end":{"line":189,"column":9},"skip":true}]}},"code":["/* istanbul instrument in package npmtest_vantage */","/*jslint","    bitwise: true,","    browser: true,","    maxerr: 8,","    maxlen: 96,","    node: true,","    nomen: true,","    regexp: true,","    stupid: true","*/","(function () {","    'use strict';","    var local;","","","","    // run shared js-env code - pre-init","    (function () {","        // init local","        local = {};","        // init modeJs","        local.modeJs = (function () {","            try {","                return typeof navigator.userAgent === 'string' &&","                    typeof document.querySelector('body') === 'object' &&","                    typeof XMLHttpRequest.prototype.open === 'function' &&","                    'browser';","            } catch (errorCaughtBrowser) {","                return module.exports &&","                    typeof process.versions.node === 'string' &&","                    typeof require('http').createServer === 'function' &&","                    'node';","            }","        }());","        // init global","        local.global = local.modeJs === 'browser'","            ? window","            : global;","        switch (local.modeJs) {","        // re-init local from window.local","        case 'browser':","            local = local.global.utility2.objectSetDefault(","                local.global.utility2_rollup || local.global.local,","                local.global.utility2","            );","            break;","        // re-init local from example.js","        case 'node':","            local = (local.global.utility2_rollup || require('utility2'))","                .requireExampleJsFromReadme();","            break;","        }","        // export local","        local.global.local = local;","    }());","","","","    // run shared js-env code - function","    (function () {","        return;","    }());","    switch (local.modeJs) {","","","","    // run browser js-env code - function","    case 'browser':","        break;","","","","    // run node js-env code - function","    case 'node':","        break;","    }","","","","    // run shared js-env code - post-init","    (function () {","        return;","    }());","    switch (local.modeJs) {","","","","    // run browser js-env code - post-init","    case 'browser':","        local.testCase_browser_nullCase = local.testCase_browser_nullCase || function (","            options,","            onError","        ) {","        /*","         * this function will test browsers's null-case handling-behavior-behavior","         */","            onError(null, options);","        };","","        // run tests","        local.nop(local.modeTest &&","            document.querySelector('#testRunButton1') &&","            document.querySelector('#testRunButton1').click());","        break;","","","","    // run node js-env code - post-init","    /* istanbul ignore next */","    case 'node':","        local.testCase_buildApidoc_default = local.testCase_buildApidoc_default || function (","            options,","            onError","        ) {","        /*","         * this function will test buildApidoc's default handling-behavior-behavior","         */","            options = { modulePathList: module.paths };","            local.buildApidoc(options, onError);","        };","","        local.testCase_buildApp_default = local.testCase_buildApp_default || function (","            options,","            onError","        ) {","        /*","         * this function will test buildApp's default handling-behavior-behavior","         */","            local.testCase_buildReadme_default(options, local.onErrorThrow);","            local.testCase_buildLib_default(options, local.onErrorThrow);","            local.testCase_buildTest_default(options, local.onErrorThrow);","            local.testCase_buildCustomOrg_default(options, local.onErrorThrow);","            options = [];","            local.buildApp(options, onError);","        };","","        local.testCase_buildCustomOrg_default = local.testCase_buildCustomOrg_default ||","            function (options, onError) {","            /*","             * this function will test buildCustomOrg's default handling-behavior","             */","                options = {};","                local.buildCustomOrg(options, onError);","            };","","        local.testCase_buildLib_default = local.testCase_buildLib_default || function (","            options,","            onError","        ) {","        /*","         * this function will test buildLib's default handling-behavior","         */","            options = {};","            local.buildLib(options, onError);","        };","","        local.testCase_buildReadme_default = local.testCase_buildReadme_default || function (","            options,","            onError","        ) {","        /*","         * this function will test buildReadme's default handling-behavior-behavior","         */","            options = {};","            local.buildReadme(options, onError);","        };","","        local.testCase_buildTest_default = local.testCase_buildTest_default || function (","            options,","            onError","        ) {","        /*","         * this function will test buildTest's default handling-behavior","         */","            options = {};","            local.buildTest(options, onError);","        };","","        local.testCase_webpage_default = local.testCase_webpage_default || function (","            options,","            onError","        ) {","        /*","         * this function will test webpage's default handling-behavior","         */","            options = { modeCoverageMerge: true, url: local.serverLocalHost + '?modeTest=1' };","            local.browserTest(options, onError);","        };","","        // run test-server","        local.testRunServer(local);","        break;","    }","}());",""],"l":{"12":2,"14":2,"19":2,"21":2,"23":2,"24":2,"25":2,"30":1,"37":2,"40":2,"43":1,"47":1,"50":1,"52":1,"55":2,"61":2,"62":2,"64":2,"70":1,"76":1,"82":2,"83":2,"85":2,"91":1,"98":1,"102":1,"105":1,"112":1,"119":1,"120":1,"123":1,"130":1,"131":1,"132":1,"133":1,"134":1,"135":1,"138":1,"143":2,"144":2,"147":1,"154":2,"155":2,"158":1,"165":2,"166":2,"169":1,"176":2,"177":2,"180":1,"187":1,"188":1,"192":1,"193":1}},"/home/travis/build/npmtest/node-npmtest-vantage/lib.npmtest_vantage.js":{"path":"/home/travis/build/npmtest/node-npmtest-vantage/lib.npmtest_vantage.js","s":{"1":2,"2":2,"3":2,"4":2,"5":2,"6":2,"7":2,"8":1,"9":2,"10":2,"11":2,"12":2,"13":1,"14":1,"15":1,"16":1},"b":{"1":[2,1,1,1],"2":[1,1,1,1],"3":[1,1],"4":[2,2],"5":[1,1]},"f":{"1":2,"2":2,"3":2},"fnMap":{"1":{"name":"(anonymous_1)","line":12,"loc":{"start":{"line":12,"column":1},"end":{"line":12,"column":13}}},"2":{"name":"(anonymous_2)","line":19,"loc":{"start":{"line":19,"column":5},"end":{"line":19,"column":17}}},"3":{"name":"(anonymous_3)","line":23,"loc":{"start":{"line":23,"column":24},"end":{"line":23,"column":36}}}},"statementMap":{"1":{"start":{"line":12,"column":0},"end":{"line":53,"column":5}},"2":{"start":{"line":14,"column":4},"end":{"line":14,"column":14}},"3":{"start":{"line":19,"column":4},"end":{"line":52,"column":9}},"4":{"start":{"line":21,"column":8},"end":{"line":21,"column":19}},"5":{"start":{"line":23,"column":8},"end":{"line":35,"column":13}},"6":{"start":{"line":24,"column":12},"end":{"line":34,"column":13}},"7":{"start":{"line":25,"column":16},"end":{"line":28,"column":30}},"8":{"start":{"line":30,"column":16},"end":{"line":33,"column":27}},"9":{"start":{"line":37,"column":8},"end":{"line":39,"column":21}},"10":{"start":{"line":41,"column":8},"end":{"line":41,"column":54}},"11":{"start":{"line":43,"column":8},"end":{"line":43,"column":52}},"12":{"start":{"line":45,"column":8},"end":{"line":51,"column":9}},"13":{"start":{"line":46,"column":12},"end":{"line":46,"column":58}},"14":{"start":{"line":48,"column":12},"end":{"line":48,"column":35}},"15":{"start":{"line":49,"column":12},"end":{"line":49,"column":49}},"16":{"start":{"line":50,"column":12},"end":{"line":50,"column":43}}},"branchMap":{"1":{"line":25,"type":"binary-expr","locations":[{"start":{"line":25,"column":23},"end":{"line":25,"column":62}},{"start":{"line":26,"column":20},"end":{"line":26,"column":70}},{"start":{"line":27,"column":20},"end":{"line":27,"column":71}},{"start":{"line":28,"column":20},"end":{"line":28,"column":29}}]},"2":{"line":30,"type":"binary-expr","locations":[{"start":{"line":30,"column":23},"end":{"line":30,"column":37}},{"start":{"line":31,"column":20},"end":{"line":31,"column":61}},{"start":{"line":32,"column":20},"end":{"line":32,"column":70}},{"start":{"line":33,"column":20},"end":{"line":33,"column":26}}]},"3":{"line":37,"type":"cond-expr","locations":[{"start":{"line":38,"column":14},"end":{"line":38,"column":20}},{"start":{"line":39,"column":14},"end":{"line":39,"column":20}}]},"4":{"line":41,"type":"binary-expr","locations":[{"start":{"line":41,"column":16},"end":{"line":41,"column":44}},{"start":{"line":41,"column":48},"end":{"line":41,"column":53}}]},"5":{"line":45,"type":"if","locations":[{"start":{"line":45,"column":8},"end":{"line":45,"column":8}},{"start":{"line":45,"column":8},"end":{"line":45,"column":8}}]}},"code":["/* istanbul instrument in package npmtest_vantage */","/*jslint","    bitwise: true,","    browser: true,","    maxerr: 8,","    maxlen: 96,","    node: true,","    nomen: true,","    regexp: true,","    stupid: true","*/","(function () {","    'use strict';","    var local;","","","","    // run shared js-env code - pre-init","    (function () {","        // init local","        local = {};","        // init modeJs","        local.modeJs = (function () {","            try {","                return typeof navigator.userAgent === 'string' &&","                    typeof document.querySelector('body') === 'object' &&","                    typeof XMLHttpRequest.prototype.open === 'function' &&","                    'browser';","            } catch (errorCaughtBrowser) {","                return module.exports &&","                    typeof process.versions.node === 'string' &&","                    typeof require('http').createServer === 'function' &&","                    'node';","            }","        }());","        // init global","        local.global = local.modeJs === 'browser'","            ? window","            : global;","        // init utility2_rollup","        local = local.global.utility2_rollup || local;","        // init lib","        local.local = local.npmtest_vantage = local;","        // init exports","        if (local.modeJs === 'browser') {","            local.global.utility2_npmtest_vantage = local;","        } else {","            module.exports = local;","            module.exports.__dirname = __dirname;","            module.exports.module = module;","        }","    }());","}());",""],"l":{"12":2,"14":2,"19":2,"21":2,"23":2,"24":2,"25":2,"30":1,"37":2,"41":2,"43":2,"45":2,"46":1,"48":1,"49":1,"50":1}},"/home/travis/build/npmtest/node-npmtest-vantage/example.js":{"path":"/home/travis/build/npmtest/node-npmtest-vantage/example.js","s":{"1":2,"2":2,"3":2,"4":2,"5":2,"6":2,"7":2,"8":1,"9":2,"10":2,"11":2,"12":2,"13":1,"14":2,"15":2,"16":2,"17":2,"18":2,"19":0,"20":2,"21":1,"22":1,"23":1,"24":1,"25":1,"26":0,"27":0,"28":1,"29":1,"30":2,"31":0,"32":0,"33":0,"34":1,"35":2,"36":2,"37":3,"38":3,"39":3,"40":3,"41":0,"42":3,"43":3,"44":3,"45":1,"46":3,"47":1,"48":1,"49":1,"50":1,"51":1,"52":1,"53":1,"54":1,"55":1,"56":1,"57":0,"58":1,"59":6,"60":6,"61":1,"62":2,"63":0,"64":2,"65":1,"66":1,"67":0,"68":0,"69":0,"70":0,"71":0,"72":0,"73":0,"74":0,"75":0,"76":0,"77":0,"78":0,"79":0,"80":0,"81":0,"82":0,"83":0},"b":{"1":[2,1,1,1],"2":[1,1,1,1],"3":[1,1],"4":[2,2],"5":[1,1],"6":[1,1],"7":[2,0],"8":[2,1,1,1,1,1],"9":[0,2,0],"10":[1,1],"11":[2,1,1],"12":[1,0],"13":[0,2],"14":[2,0,0,0,0,0,0],"15":[0,3],"16":[3,0],"17":[1,1],"18":[0,1],"19":[1,2,0,2],"20":[1,0],"21":[1,1],"22":[0,0],"23":[0,0],"24":[0,0],"25":[0,0],"26":[0,0],"27":[0,0],"28":[0,0]},"f":{"1":2,"2":2,"3":2,"4":2,"5":2,"6":2,"7":3,"8":3,"9":3,"10":1,"11":6,"12":0},"fnMap":{"1":{"name":"(anonymous_1)","line":26,"loc":{"start":{"line":26,"column":1},"end":{"line":26,"column":13}}},"2":{"name":"(anonymous_2)","line":33,"loc":{"start":{"line":33,"column":5},"end":{"line":33,"column":17}}},"3":{"name":"(anonymous_3)","line":37,"loc":{"start":{"line":37,"column":24},"end":{"line":37,"column":36}}},"4":{"name":"(anonymous_4)","line":69,"loc":{"start":{"line":69,"column":31},"end":{"line":69,"column":48}},"skip":true},"5":{"name":"(anonymous_5)","line":78,"loc":{"start":{"line":78,"column":26},"end":{"line":78,"column":45}},"skip":true},"6":{"name":"(anonymous_6)","line":123,"loc":{"start":{"line":123,"column":33},"end":{"line":123,"column":48}},"skip":true},"7":{"name":"(anonymous_7)","line":125,"loc":{"start":{"line":125,"column":27},"end":{"line":125,"column":39}},"skip":true},"8":{"name":"(anonymous_8)","line":133,"loc":{"start":{"line":133,"column":59},"end":{"line":133,"column":74}},"skip":true},"9":{"name":"(anonymous_9)","line":143,"loc":{"start":{"line":143,"column":45},"end":{"line":143,"column":62}},"skip":true},"10":{"name":"(anonymous_10)","line":144,"loc":{"start":{"line":144,"column":73},"end":{"line":144,"column":92}},"skip":true},"11":{"name":"(anonymous_11)","line":272,"loc":{"start":{"line":272,"column":51},"end":{"line":272,"column":77}},"skip":true},"12":{"name":"(anonymous_12)","line":315,"loc":{"start":{"line":315,"column":32},"end":{"line":315,"column":61}},"skip":true}},"statementMap":{"1":{"start":{"line":26,"column":0},"end":{"line":326,"column":5}},"2":{"start":{"line":28,"column":4},"end":{"line":28,"column":14}},"3":{"start":{"line":33,"column":4},"end":{"line":60,"column":9}},"4":{"start":{"line":35,"column":8},"end":{"line":35,"column":19}},"5":{"start":{"line":37,"column":8},"end":{"line":49,"column":13}},"6":{"start":{"line":38,"column":12},"end":{"line":48,"column":13}},"7":{"start":{"line":39,"column":16},"end":{"line":42,"column":30}},"8":{"start":{"line":44,"column":16},"end":{"line":47,"column":27}},"9":{"start":{"line":51,"column":8},"end":{"line":53,"column":21}},"10":{"start":{"line":55,"column":8},"end":{"line":57,"column":45}},"11":{"start":{"line":59,"column":8},"end":{"line":59,"column":35}},"12":{"start":{"line":61,"column":4},"end":{"line":325,"column":5}},"13":{"start":{"line":69,"column":8},"end":{"line":121,"column":10},"skip":true},"14":{"start":{"line":70,"column":12},"end":{"line":88,"column":13},"skip":true},"15":{"start":{"line":76,"column":16},"end":{"line":87,"column":19},"skip":true},"16":{"start":{"line":79,"column":20},"end":{"line":86,"column":21},"skip":true},"17":{"start":{"line":82,"column":24},"end":{"line":82,"column":43},"skip":true},"18":{"start":{"line":83,"column":24},"end":{"line":83,"column":30},"skip":true},"19":{"start":{"line":85,"column":24},"end":{"line":85,"column":49},"skip":true},"20":{"start":{"line":89,"column":12},"end":{"line":107,"column":13},"skip":true},"21":{"start":{"line":92,"column":16},"end":{"line":102,"column":17},"skip":true},"22":{"start":{"line":93,"column":20},"end":{"line":93,"column":86},"skip":true},"23":{"start":{"line":94,"column":20},"end":{"line":95,"column":45},"skip":true},"24":{"start":{"line":96,"column":20},"end":{"line":96,"column":42},"skip":true},"25":{"start":{"line":97,"column":20},"end":{"line":97,"column":48},"skip":true},"26":{"start":{"line":100,"column":20},"end":{"line":100,"column":85},"skip":true},"27":{"start":{"line":101,"column":20},"end":{"line":101,"column":96},"skip":true},"28":{"start":{"line":103,"column":16},"end":{"line":103,"column":22},"skip":true},"29":{"start":{"line":106,"column":16},"end":{"line":106,"column":22},"skip":true},"30":{"start":{"line":108,"column":12},"end":{"line":120,"column":13},"skip":true},"31":{"start":{"line":114,"column":16},"end":{"line":119,"column":17},"skip":true},"32":{"start":{"line":116,"column":20},"end":{"line":116,"column":78},"skip":true},"33":{"start":{"line":118,"column":20},"end":{"line":118,"column":47},"skip":true},"34":{"start":{"line":123,"column":8},"end":{"line":141,"column":11},"skip":true},"35":{"start":{"line":124,"column":12},"end":{"line":124,"column":54},"skip":true},"36":{"start":{"line":125,"column":12},"end":{"line":140,"column":14},"skip":true},"37":{"start":{"line":126,"column":16},"end":{"line":126,"column":28},"skip":true},"38":{"start":{"line":127,"column":16},"end":{"line":127,"column":69},"skip":true},"39":{"start":{"line":128,"column":16},"end":{"line":128,"column":75},"skip":true},"40":{"start":{"line":129,"column":16},"end":{"line":131,"column":17},"skip":true},"41":{"start":{"line":130,"column":20},"end":{"line":130,"column":27},"skip":true},"42":{"start":{"line":133,"column":16},"end":{"line":137,"column":36},"skip":true},"43":{"start":{"line":134,"column":20},"end":{"line":136,"column":55},"skip":true},"44":{"start":{"line":139,"column":16},"end":{"line":139,"column":57},"skip":true},"45":{"start":{"line":143,"column":8},"end":{"line":147,"column":11},"skip":true},"46":{"start":{"line":144,"column":12},"end":{"line":146,"column":15},"skip":true},"47":{"start":{"line":145,"column":16},"end":{"line":145,"column":70},"skip":true},"48":{"start":{"line":149,"column":8},"end":{"line":149,"column":31},"skip":true},"49":{"start":{"line":150,"column":8},"end":{"line":150,"column":14},"skip":true},"50":{"start":{"line":158,"column":8},"end":{"line":158,"column":31},"skip":true},"51":{"start":{"line":160,"column":8},"end":{"line":160,"column":33},"skip":true},"52":{"start":{"line":161,"column":8},"end":{"line":161,"column":37},"skip":true},"53":{"start":{"line":162,"column":8},"end":{"line":162,"column":35},"skip":true},"54":{"start":{"line":164,"column":8},"end":{"line":164,"column":50},"skip":true},"55":{"start":{"line":166,"column":8},"end":{"line":256,"column":2},"skip":true},"56":{"start":{"line":258,"column":8},"end":{"line":286,"column":9},"skip":true},"57":{"start":{"line":259,"column":12},"end":{"line":269,"column":14},"skip":true},"58":{"start":{"line":271,"column":12},"end":{"line":285,"column":19},"skip":true},"59":{"start":{"line":274,"column":20},"end":{"line":274,"column":35},"skip":true},"60":{"start":{"line":275,"column":20},"end":{"line":284,"column":21},"skip":true},"61":{"start":{"line":277,"column":24},"end":{"line":277,"column":64},"skip":true},"62":{"start":{"line":279,"column":24},"end":{"line":279,"column":40},"skip":true},"63":{"start":{"line":281,"column":24},"end":{"line":281,"column":40},"skip":true},"64":{"start":{"line":283,"column":24},"end":{"line":283,"column":39},"skip":true},"65":{"start":{"line":288,"column":8},"end":{"line":290,"column":9},"skip":true},"66":{"start":{"line":289,"column":12},"end":{"line":289,"column":18},"skip":true},"67":{"start":{"line":291,"column":8},"end":{"line":293,"column":54},"skip":true},"68":{"start":{"line":296,"column":8},"end":{"line":301,"column":37},"skip":true},"69":{"start":{"line":303,"column":8},"end":{"line":303,"column":82},"skip":true},"70":{"start":{"line":306,"column":8},"end":{"line":308,"column":9},"skip":true},"71":{"start":{"line":307,"column":12},"end":{"line":307,"column":82},"skip":true},"72":{"start":{"line":310,"column":8},"end":{"line":312,"column":9},"skip":true},"73":{"start":{"line":311,"column":12},"end":{"line":311,"column":18},"skip":true},"74":{"start":{"line":313,"column":8},"end":{"line":313,"column":54},"skip":true},"75":{"start":{"line":314,"column":8},"end":{"line":314,"column":69},"skip":true},"76":{"start":{"line":315,"column":8},"end":{"line":323,"column":36},"skip":true},"77":{"start":{"line":316,"column":12},"end":{"line":316,"column":61},"skip":true},"78":{"start":{"line":317,"column":12},"end":{"line":320,"column":13},"skip":true},"79":{"start":{"line":318,"column":16},"end":{"line":318,"column":75},"skip":true},"80":{"start":{"line":319,"column":16},"end":{"line":319,"column":23},"skip":true},"81":{"start":{"line":321,"column":12},"end":{"line":321,"column":38},"skip":true},"82":{"start":{"line":322,"column":12},"end":{"line":322,"column":27},"skip":true},"83":{"start":{"line":324,"column":8},"end":{"line":324,"column":14},"skip":true}},"branchMap":{"1":{"line":39,"type":"binary-expr","locations":[{"start":{"line":39,"column":23},"end":{"line":39,"column":62}},{"start":{"line":40,"column":20},"end":{"line":40,"column":70}},{"start":{"line":41,"column":20},"end":{"line":41,"column":71}},{"start":{"line":42,"column":20},"end":{"line":42,"column":29}}]},"2":{"line":44,"type":"binary-expr","locations":[{"start":{"line":44,"column":23},"end":{"line":44,"column":37}},{"start":{"line":45,"column":20},"end":{"line":45,"column":61}},{"start":{"line":46,"column":20},"end":{"line":46,"column":70}},{"start":{"line":47,"column":20},"end":{"line":47,"column":26}}]},"3":{"line":51,"type":"cond-expr","locations":[{"start":{"line":52,"column":14},"end":{"line":52,"column":20}},{"start":{"line":53,"column":14},"end":{"line":53,"column":20}}]},"4":{"line":55,"type":"binary-expr","locations":[{"start":{"line":55,"column":16},"end":{"line":55,"column":44}},{"start":{"line":55,"column":49},"end":{"line":57,"column":43}}]},"5":{"line":55,"type":"cond-expr","locations":[{"start":{"line":56,"column":14},"end":{"line":56,"column":51}},{"start":{"line":57,"column":14},"end":{"line":57,"column":43}}]},"6":{"line":61,"type":"switch","locations":[{"start":{"line":68,"column":4},"end":{"line":150,"column":14},"skip":true},{"start":{"line":156,"column":4},"end":{"line":324,"column":14},"skip":true}]},"7":{"line":70,"type":"if","locations":[{"start":{"line":70,"column":12},"end":{"line":70,"column":12},"skip":true},{"start":{"line":70,"column":12},"end":{"line":70,"column":12},"skip":true}]},"8":{"line":70,"type":"binary-expr","locations":[{"start":{"line":70,"column":16},"end":{"line":70,"column":22},"skip":true},{"start":{"line":70,"column":27},"end":{"line":70,"column":32},"skip":true},{"start":{"line":71,"column":20},"end":{"line":71,"column":39},"skip":true},{"start":{"line":72,"column":20},"end":{"line":72,"column":49},"skip":true},{"start":{"line":73,"column":20},"end":{"line":73,"column":58},"skip":true},{"start":{"line":74,"column":20},"end":{"line":74,"column":69},"skip":true}]},"9":{"line":79,"type":"switch","locations":[{"start":{"line":80,"column":20},"end":{"line":80,"column":33},"skip":true},{"start":{"line":81,"column":20},"end":{"line":83,"column":30},"skip":true},{"start":{"line":84,"column":20},"end":{"line":85,"column":49},"skip":true}]},"10":{"line":89,"type":"switch","locations":[{"start":{"line":90,"column":12},"end":{"line":103,"column":22},"skip":true},{"start":{"line":105,"column":12},"end":{"line":106,"column":22},"skip":true}]},"11":{"line":89,"type":"binary-expr","locations":[{"start":{"line":89,"column":20},"end":{"line":89,"column":25},"skip":true},{"start":{"line":89,"column":29},"end":{"line":89,"column":48},"skip":true},{"start":{"line":89,"column":52},"end":{"line":89,"column":74},"skip":true}]},"12":{"line":92,"type":"if","locations":[{"start":{"line":92,"column":16},"end":{"line":92,"column":16},"skip":true},{"start":{"line":92,"column":16},"end":{"line":92,"column":16},"skip":true}]},"13":{"line":108,"type":"if","locations":[{"start":{"line":108,"column":12},"end":{"line":108,"column":12},"skip":true},{"start":{"line":108,"column":12},"end":{"line":108,"column":12},"skip":true}]},"14":{"line":108,"type":"binary-expr","locations":[{"start":{"line":108,"column":16},"end":{"line":108,"column":61},"skip":true},{"start":{"line":108,"column":66},"end":{"line":108,"column":72},"skip":true},{"start":{"line":108,"column":77},"end":{"line":108,"column":82},"skip":true},{"start":{"line":109,"column":20},"end":{"line":109,"column":39},"skip":true},{"start":{"line":110,"column":20},"end":{"line":110,"column":49},"skip":true},{"start":{"line":111,"column":20},"end":{"line":111,"column":58},"skip":true},{"start":{"line":112,"column":20},"end":{"line":112,"column":68},"skip":true}]},"15":{"line":129,"type":"if","locations":[{"start":{"line":129,"column":16},"end":{"line":129,"column":16},"skip":true},{"start":{"line":129,"column":16},"end":{"line":129,"column":16},"skip":true}]},"16":{"line":134,"type":"cond-expr","locations":[{"start":{"line":135,"column":26},"end":{"line":135,"column":29},"skip":true},{"start":{"line":136,"column":26},"end":{"line":136,"column":54},"skip":true}]},"17":{"line":164,"type":"binary-expr","locations":[{"start":{"line":164,"column":27},"end":{"line":164,"column":43},"skip":true},{"start":{"line":164,"column":47},"end":{"line":164,"column":49},"skip":true}]},"18":{"line":258,"type":"if","locations":[{"start":{"line":258,"column":8},"end":{"line":258,"column":8},"skip":true},{"start":{"line":258,"column":8},"end":{"line":258,"column":8},"skip":true}]},"19":{"line":275,"type":"switch","locations":[{"start":{"line":276,"column":20},"end":{"line":277,"column":64},"skip":true},{"start":{"line":278,"column":20},"end":{"line":279,"column":40},"skip":true},{"start":{"line":280,"column":20},"end":{"line":281,"column":40},"skip":true},{"start":{"line":282,"column":20},"end":{"line":283,"column":39},"skip":true}]},"20":{"line":288,"type":"if","locations":[{"start":{"line":288,"column":8},"end":{"line":288,"column":8},"skip":true},{"start":{"line":288,"column":8},"end":{"line":288,"column":8},"skip":true}]},"21":{"line":288,"type":"binary-expr","locations":[{"start":{"line":288,"column":12},"end":{"line":288,"column":40},"skip":true},{"start":{"line":288,"column":44},"end":{"line":288,"column":67},"skip":true}]},"22":{"line":292,"type":"binary-expr","locations":[{"start":{"line":292,"column":12},"end":{"line":292,"column":50},"skip":true},{"start":{"line":293,"column":12},"end":{"line":293,"column":53},"skip":true}]},"23":{"line":297,"type":"binary-expr","locations":[{"start":{"line":297,"column":12},"end":{"line":297,"column":65},"skip":true},{"start":{"line":298,"column":12},"end":{"line":301,"column":36},"skip":true}]},"24":{"line":303,"type":"binary-expr","locations":[{"start":{"line":303,"column":43},"end":{"line":303,"column":75},"skip":true},{"start":{"line":303,"column":79},"end":{"line":303,"column":81},"skip":true}]},"25":{"line":306,"type":"if","locations":[{"start":{"line":306,"column":8},"end":{"line":306,"column":8},"skip":true},{"start":{"line":306,"column":8},"end":{"line":306,"column":8},"skip":true}]},"26":{"line":310,"type":"if","locations":[{"start":{"line":310,"column":8},"end":{"line":310,"column":8},"skip":true},{"start":{"line":310,"column":8},"end":{"line":310,"column":8},"skip":true}]},"27":{"line":313,"type":"binary-expr","locations":[{"start":{"line":313,"column":27},"end":{"line":313,"column":43},"skip":true},{"start":{"line":313,"column":47},"end":{"line":313,"column":53},"skip":true}]},"28":{"line":317,"type":"if","locations":[{"start":{"line":317,"column":12},"end":{"line":317,"column":12},"skip":true},{"start":{"line":317,"column":12},"end":{"line":317,"column":12},"skip":true}]}},"code":["/*","example.js","","quickstart example","","instruction","    1. save this script as example.js","    2. run the shell command:","        $ npm install npmtest-vantage && PORT=8081 node example.js","    3. play with the browser-demo on http://127.0.0.1:8081","*/","","","","/* istanbul instrument in package npmtest_vantage */","/*jslint","    bitwise: true,","    browser: true,","    maxerr: 8,","    maxlen: 96,","    node: true,","    nomen: true,","    regexp: true,","    stupid: true","*/","(function () {","    'use strict';","    var local;","","","","    // run shared js-env code - pre-init","    (function () {","        // init local","        local = {};","        // init modeJs","        local.modeJs = (function () {","            try {","                return typeof navigator.userAgent === 'string' &&","                    typeof document.querySelector('body') === 'object' &&","                    typeof XMLHttpRequest.prototype.open === 'function' &&","                    'browser';","            } catch (errorCaughtBrowser) {","                return module.exports &&","                    typeof process.versions.node === 'string' &&","                    typeof require('http').createServer === 'function' &&","                    'node';","            }","        }());","        // init global","        local.global = local.modeJs === 'browser'","            ? window","            : global;","        // init utility2_rollup","        local = local.global.utility2_rollup || (local.modeJs === 'browser'","            ? local.global.utility2_npmtest_vantage","            : global.utility2_moduleExports);","        // export local","        local.global.local = local;","    }());","    switch (local.modeJs) {","","","","    // post-init","    // run browser js-env code - post-init","    /* istanbul ignore next */","    case 'browser':","        local.testRunBrowser = function (event) {","            if (!event || (event &&","                    event.currentTarget &&","                    event.currentTarget.className &&","                    event.currentTarget.className.includes &&","                    event.currentTarget.className.includes('onreset'))) {","                // reset output","                Array.from(","                    document.querySelectorAll('body > .resettable')","                ).forEach(function (element) {","                    switch (element.tagName) {","                    case 'INPUT':","                    case 'TEXTAREA':","                        element.value = '';","                        break;","                    default:","                        element.textContent = '';","                    }","                });","            }","            switch (event && event.currentTarget && event.currentTarget.id) {","            case 'testRunButton1':","                // show tests","                if (document.querySelector('#testReportDiv1').style.display === 'none') {","                    document.querySelector('#testReportDiv1').style.display = 'block';","                    document.querySelector('#testRunButton1').textContent =","                        'hide internal test';","                    local.modeTest = true;","                    local.testRunDefault(local);","                // hide tests","                } else {","                    document.querySelector('#testReportDiv1').style.display = 'none';","                    document.querySelector('#testRunButton1').textContent = 'run internal test';","                }","                break;","            // custom-case","            default:","                break;","            }","            if (document.querySelector('#inputTextareaEval1') && (!event || (event &&","                    event.currentTarget &&","                    event.currentTarget.className &&","                    event.currentTarget.className.includes &&","                    event.currentTarget.className.includes('oneval')))) {","                // try to eval input-code","                try {","                    /*jslint evil: true*/","                    eval(document.querySelector('#inputTextareaEval1').value);","                } catch (errorCaught) {","                    console.error(errorCaught);","                }","            }","        };","        // log stderr and stdout to #outputTextareaStdout1","        ['error', 'log'].forEach(function (key) {","            console[key + '_original'] = console[key];","            console[key] = function () {","                var element;","                console[key + '_original'].apply(console, arguments);","                element = document.querySelector('#outputTextareaStdout1');","                if (!element) {","                    return;","                }","                // append text to #outputTextareaStdout1","                element.value += Array.from(arguments).map(function (arg) {","                    return typeof arg === 'string'","                        ? arg","                        : JSON.stringify(arg, null, 4);","                }).join(' ') + '\\n';","                // scroll textarea to bottom","                element.scrollTop = element.scrollHeight;","            };","        });","        // init event-handling","        ['change', 'click', 'keyup'].forEach(function (event) {","            Array.from(document.querySelectorAll('.on' + event)).forEach(function (element) {","                element.addEventListener(event, local.testRunBrowser);","            });","        });","        // run tests","        local.testRunBrowser();","        break;","","","","    // run node js-env code - post-init","    /* istanbul ignore next */","    case 'node':","        // export local","        module.exports = local;","        // require modules","        local.fs = require('fs');","        local.http = require('http');","        local.url = require('url');","        // init assets","        local.assetsDict = local.assetsDict || {};","        /* jslint-ignore-begin */","        local.assetsDict['/assets.index.template.html'] = '\\","<!doctype html>\\n\\","<html lang=\"en\">\\n\\","<head>\\n\\","<meta charset=\"UTF-8\">\\n\\","<meta name=\"viewport\" content=\"width=device-width, initial-scale=1\">\\n\\","<title>{{env.npm_package_name}} (v{{env.npm_package_version}})</title>\\n\\","<style>\\n\\","/*csslint\\n\\","    box-sizing: false,\\n\\","    universal-selector: false\\n\\","*/\\n\\","* {\\n\\","    box-sizing: border-box;\\n\\","}\\n\\","body {\\n\\","    background: #dde;\\n\\","    font-family: Arial, Helvetica, sans-serif;\\n\\","    margin: 2rem;\\n\\","}\\n\\","body > * {\\n\\","    margin-bottom: 1rem;\\n\\","}\\n\\",".utility2FooterDiv {\\n\\","    margin-top: 20px;\\n\\","    text-align: center;\\n\\","}\\n\\","</style>\\n\\","<style>\\n\\","/*csslint\\n\\","*/\\n\\","textarea {\\n\\","    font-family: monospace;\\n\\","    height: 10rem;\\n\\","    width: 100%;\\n\\","}\\n\\","textarea[readonly] {\\n\\","    background: #ddd;\\n\\","}\\n\\","</style>\\n\\","</head>\\n\\","<body>\\n\\","<!-- utility2-comment\\n\\","<div id=\"ajaxProgressDiv1\" style=\"background: #d00; height: 2px; left: 0; margin: 0; padding: 0; position: fixed; top: 0; transition: background 0.5s, width 1.5s; width: 25%;\"></div>\\n\\","utility2-comment -->\\n\\","<h1>\\n\\","<!-- utility2-comment\\n\\","    <a\\n\\","        {{#if env.npm_package_homepage}}\\n\\","        href=\"{{env.npm_package_homepage}}\"\\n\\","        {{/if env.npm_package_homepage}}\\n\\","        target=\"_blank\"\\n\\","    >\\n\\","utility2-comment -->\\n\\","        {{env.npm_package_name}} (v{{env.npm_package_version}})\\n\\","<!-- utility2-comment\\n\\","    </a>\\n\\","utility2-comment -->\\n\\","</h1>\\n\\","<h3>{{env.npm_package_description}}</h3>\\n\\","<!-- utility2-comment\\n\\","<h4><a download href=\"assets.app.js\">download standalone app</a></h4>\\n\\","<button class=\"onclick onreset\" id=\"testRunButton1\">run internal test</button><br>\\n\\","<div id=\"testReportDiv1\" style=\"display: none;\"></div>\\n\\","utility2-comment -->\\n\\","\\n\\","\\n\\","\\n\\","<label>stderr and stdout</label>\\n\\","<textarea class=\"resettable\" id=\"outputTextareaStdout1\" readonly></textarea>\\n\\","<!-- utility2-comment\\n\\","{{#if isRollup}}\\n\\","<script src=\"assets.app.js\"></script>\\n\\","{{#unless isRollup}}\\n\\","utility2-comment -->\\n\\","<script src=\"assets.utility2.rollup.js\"></script>\\n\\","<script src=\"jsonp.utility2._stateInit?callback=window.utility2._stateInit\"></script>\\n\\","<script src=\"assets.npmtest_vantage.rollup.js\"></script>\\n\\","<script src=\"assets.example.js\"></script>\\n\\","<script src=\"assets.test.js\"></script>\\n\\","<!-- utility2-comment\\n\\","{{/if isRollup}}\\n\\","utility2-comment -->\\n\\","<div class=\"utility2FooterDiv\">\\n\\","    [ this app was created with\\n\\","    <a href=\"https://github.com/kaizhu256/node-utility2\" target=\"_blank\">utility2</a>\\n\\","    ]\\n\\","</div>\\n\\","</body>\\n\\","</html>\\n\\","';","        /* jslint-ignore-end */","        if (local.templateRender) {","            local.assetsDict['/'] = local.templateRender(","                local.assetsDict['/assets.index.template.html'],","                {","                    env: local.objectSetDefault(local.env, {","                        npm_package_description: 'the greatest app in the world!',","                        npm_package_name: 'my-app',","                        npm_package_nameAlias: 'my_app',","                        npm_package_version: '0.0.1'","                    })","                }","            );","        } else {","            local.assetsDict['/'] = local.assetsDict['/assets.index.template.html']","                .replace((/\\{\\{env\\.(\\w+?)\\}\\}/g), function (match0, match1) {","                    // jslint-hack","                    String(match0);","                    switch (match1) {","                    case 'npm_package_description':","                        return 'the greatest app in the world!';","                    case 'npm_package_name':","                        return 'my-app';","                    case 'npm_package_nameAlias':","                        return 'my_app';","                    case 'npm_package_version':","                        return '0.0.1';","                    }","                });","        }","        // run the cli","        if (local.global.utility2_rollup || module !== require.main) {","            break;","        }","        local.assetsDict['/assets.example.js'] =","            local.assetsDict['/assets.example.js'] ||","            local.fs.readFileSync(__filename, 'utf8');","        // bug-workaround - long $npm_package_buildCustomOrg","        /* jslint-ignore-begin */","        local.assetsDict['/assets.npmtest_vantage.rollup.js'] =","            local.assetsDict['/assets.npmtest_vantage.rollup.js'] ||","            local.fs.readFileSync(","                local.npmtest_vantage.__dirname + '/lib.npmtest_vantage.js',","                'utf8'","            ).replace((/^#!/), '//');","        /* jslint-ignore-end */","        local.assetsDict['/favicon.ico'] = local.assetsDict['/favicon.ico'] || '';","        // if $npm_config_timeout_exit exists,","        // then exit this process after $npm_config_timeout_exit ms","        if (Number(process.env.npm_config_timeout_exit)) {","            setTimeout(process.exit, Number(process.env.npm_config_timeout_exit));","        }","        // start server","        if (local.global.utility2_serverHttp1) {","            break;","        }","        process.env.PORT = process.env.PORT || '8081';","        console.error('server starting on port ' + process.env.PORT);","        local.http.createServer(function (request, response) {","            request.urlParsed = local.url.parse(request.url);","            if (local.assetsDict[request.urlParsed.pathname] !== undefined) {","                response.end(local.assetsDict[request.urlParsed.pathname]);","                return;","            }","            response.statusCode = 404;","            response.end();","        }).listen(process.env.PORT);","        break;","    }","}());",""],"l":{"26":2,"28":2,"33":2,"35":2,"37":2,"38":2,"39":2,"44":1,"51":2,"55":2,"59":2,"61":2,"69":1,"70":2,"76":2,"79":2,"82":2,"83":2,"85":1,"89":2,"92":1,"93":1,"94":1,"96":1,"97":1,"100":1,"101":1,"103":1,"106":1,"108":2,"114":1,"116":1,"118":1,"123":1,"124":2,"125":2,"126":3,"127":3,"128":3,"129":3,"130":1,"133":3,"134":3,"139":3,"143":1,"144":3,"145":1,"149":1,"150":1,"158":1,"160":1,"161":1,"162":1,"164":1,"166":1,"258":1,"259":1,"271":1,"274":6,"275":6,"277":1,"279":2,"281":1,"283":2,"288":1,"289":1,"291":1,"296":1,"303":1,"306":1,"307":1,"310":1,"311":1,"313":1,"314":1,"315":1,"316":1,"317":1,"318":1,"319":1,"321":1,"322":1,"324":1}},"/home/travis/build/npmtest/node-npmtest-vantage/node_modules/vantage/lib/index.js":{"path":"/home/travis/build/npmtest/node-npmtest-vantage/node_modules/vantage/lib/index.js","s":{"1":1,"2":1,"3":1,"4":1,"5":1,"6":1,"7":1,"8":1,"9":1,"10":0,"11":1,"12":1,"13":1,"14":1,"15":1,"16":1,"17":1,"18":1,"19":1,"20":1,"21":1,"22":0,"23":0,"24":0,"25":0,"26":0,"27":0,"28":0,"29":0,"30":0,"31":0,"32":0,"33":0,"34":0,"35":0,"36":0,"37":0,"38":0,"39":0,"40":0,"41":0,"42":0,"43":0,"44":0,"45":0,"46":0,"47":0,"48":0,"49":1},"b":{"1":[0,1],"2":[0,0],"3":[0,0],"4":[0,0],"5":[0,0],"6":[0,0],"7":[0,0],"8":[0,0]},"f":{"1":1,"2":1,"3":0,"4":0,"5":0,"6":0,"7":0,"8":0},"fnMap":{"1":{"name":"Vantage","line":15,"loc":{"start":{"line":15,"column":0},"end":{"line":15,"column":19}}},"2":{"name":"(anonymous_2)","line":53,"loc":{"start":{"line":53,"column":11},"end":{"line":53,"column":22}}},"3":{"name":"(anonymous_3)","line":71,"loc":{"start":{"line":71,"column":11},"end":{"line":71,"column":47}}},"4":{"name":"(anonymous_4)","line":83,"loc":{"start":{"line":83,"column":10},"end":{"line":83,"column":27}}},"5":{"name":"(anonymous_5)","line":100,"loc":{"start":{"line":100,"column":8},"end":{"line":100,"column":38}}},"6":{"name":"(anonymous_6)","line":117,"loc":{"start":{"line":117,"column":17},"end":{"line":117,"column":36}}},"7":{"name":"(anonymous_7)","line":138,"loc":{"start":{"line":138,"column":35},"end":{"line":138,"column":68}}},"8":{"name":"(anonymous_8)","line":159,"loc":{"start":{"line":159,"column":10},"end":{"line":159,"column":37}}}},"statementMap":{"1":{"start":{"line":8,"column":0},"end":{"line":8,"column":26}},"2":{"start":{"line":9,"column":0},"end":{"line":9,"column":31}},"3":{"start":{"line":10,"column":0},"end":{"line":10,"column":40}},"4":{"start":{"line":11,"column":0},"end":{"line":11,"column":40}},"5":{"start":{"line":12,"column":0},"end":{"line":12,"column":43}},"6":{"start":{"line":13,"column":0},"end":{"line":13,"column":34}},"7":{"start":{"line":15,"column":0},"end":{"line":41,"column":1}},"8":{"start":{"line":17,"column":2},"end":{"line":17,"column":18}},"9":{"start":{"line":19,"column":2},"end":{"line":19,"column":59}},"10":{"start":{"line":19,"column":36},"end":{"line":19,"column":57}},"11":{"start":{"line":21,"column":2},"end":{"line":21,"column":20}},"12":{"start":{"line":25,"column":2},"end":{"line":25,"column":24}},"13":{"start":{"line":29,"column":2},"end":{"line":29,"column":40}},"14":{"start":{"line":33,"column":2},"end":{"line":33,"column":40}},"15":{"start":{"line":36,"column":2},"end":{"line":36,"column":24}},"16":{"start":{"line":38,"column":2},"end":{"line":38,"column":17}},"17":{"start":{"line":40,"column":2},"end":{"line":40,"column":14}},"18":{"start":{"line":43,"column":0},"end":{"line":43,"column":52}},"19":{"start":{"line":49,"column":0},"end":{"line":49,"column":32}},"20":{"start":{"line":51,"column":0},"end":{"line":165,"column":2}},"21":{"start":{"line":54,"column":4},"end":{"line":56,"column":17}},"22":{"start":{"line":72,"column":4},"end":{"line":72,"column":76}},"23":{"start":{"line":84,"column":4},"end":{"line":84,"column":36}},"24":{"start":{"line":85,"column":4},"end":{"line":85,"column":16}},"25":{"start":{"line":101,"column":4},"end":{"line":105,"column":5}},"26":{"start":{"line":102,"column":6},"end":{"line":102,"column":44}},"27":{"start":{"line":104,"column":6},"end":{"line":104,"column":119}},"28":{"start":{"line":106,"column":4},"end":{"line":106,"column":16}},"29":{"start":{"line":118,"column":4},"end":{"line":118,"column":50}},"30":{"start":{"line":119,"column":4},"end":{"line":147,"column":5}},"31":{"start":{"line":120,"column":6},"end":{"line":120,"column":58}},"32":{"start":{"line":121,"column":6},"end":{"line":136,"column":7}},"33":{"start":{"line":122,"column":8},"end":{"line":127,"column":66}},"34":{"start":{"line":128,"column":8},"end":{"line":128,"column":35}},"35":{"start":{"line":129,"column":8},"end":{"line":129,"column":35}},"36":{"start":{"line":130,"column":8},"end":{"line":130,"column":34}},"37":{"start":{"line":131,"column":8},"end":{"line":131,"column":23}},"38":{"start":{"line":133,"column":8},"end":{"line":133,"column":35}},"39":{"start":{"line":134,"column":8},"end":{"line":134,"column":33}},"40":{"start":{"line":135,"column":8},"end":{"line":135,"column":25}},"41":{"start":{"line":138,"column":6},"end":{"line":146,"column":9}},"42":{"start":{"line":139,"column":8},"end":{"line":139,"column":35}},"43":{"start":{"line":140,"column":8},"end":{"line":140,"column":42}},"44":{"start":{"line":141,"column":8},"end":{"line":145,"column":9}},"45":{"start":{"line":142,"column":10},"end":{"line":142,"column":27}},"46":{"start":{"line":144,"column":10},"end":{"line":144,"column":22}},"47":{"start":{"line":160,"column":4},"end":{"line":160,"column":39}},"48":{"start":{"line":161,"column":4},"end":{"line":161,"column":16}},"49":{"start":{"line":171,"column":0},"end":{"line":171,"column":35}}},"branchMap":{"1":{"line":19,"type":"if","locations":[{"start":{"line":19,"column":2},"end":{"line":19,"column":2}},{"start":{"line":19,"column":2},"end":{"line":19,"column":2}}]},"2":{"line":84,"type":"binary-expr","locations":[{"start":{"line":84,"column":19},"end":{"line":84,"column":25}},{"start":{"line":84,"column":29},"end":{"line":84,"column":35}}]},"3":{"line":101,"type":"if","locations":[{"start":{"line":101,"column":4},"end":{"line":101,"column":4}},{"start":{"line":101,"column":4},"end":{"line":101,"column":4}}]},"4":{"line":101,"type":"binary-expr","locations":[{"start":{"line":101,"column":8},"end":{"line":101,"column":19}},{"start":{"line":101,"column":23},"end":{"line":101,"column":39}}]},"5":{"line":119,"type":"if","locations":[{"start":{"line":119,"column":4},"end":{"line":119,"column":4}},{"start":{"line":119,"column":4},"end":{"line":119,"column":4}}]},"6":{"line":120,"type":"binary-expr","locations":[{"start":{"line":120,"column":20},"end":{"line":120,"column":40}},{"start":{"line":120,"column":44},"end":{"line":120,"column":57}}]},"7":{"line":121,"type":"if","locations":[{"start":{"line":121,"column":6},"end":{"line":121,"column":6}},{"start":{"line":121,"column":6},"end":{"line":121,"column":6}}]},"8":{"line":141,"type":"if","locations":[{"start":{"line":141,"column":8},"end":{"line":141,"column":8}},{"start":{"line":141,"column":8},"end":{"line":141,"column":8}}]}},"code":["","\"use strict\";","","/**"," * Module dependencies."," */","","var _ = require(\"lodash\");","var Vorpal = require('vorpal');","var VantageServer = require(\"./server\");","var VantageClient = require(\"./client\");","var commons = require(\"./vantage-commons\");","var repl = require(\"vorpal-repl\");","","function Vantage() {","","  var self = this;","","  if (!(this instanceof Vantage)) { return new Vantage(); }","","  Vorpal.call(this);","","  // Banner to display on login to a system. If null,","  // doesn't display a banner.","  this._banner = void 0;","","  // Vantage client connects to other instances","  // of Vantage.","  this.client = new VantageClient(this);","","  // Vantage server receives connections from","  // other vantages. Activated by vantage.listen();","  this.server = new VantageServer(this);","","  // If authentication is used, it is called through this fn.","  this._authFn = void 0;","","  this._initIO();","","  return this;","}","","Vantage.prototype = Object.create(Vorpal.prototype);","","/**"," * Vantage prototype."," */","","var vantage = Vantage.prototype;","","_.extend(Vantage.prototype, {","","  _initIO: function() {","    this","      .use(commons)","      .use(repl);","  },","","  /**","   * Programatically connect to another server","   * instance running Vantage.","   *","   * @param {Server} server","   * @param {Integer} port","   * @param {Object} options","   * @param {Function} cb","   * @return {Promise}","   * @api public","   */","","  connect: function(server, port, options, cb) {","    return this.client.connect.call(this.client, server, port, options, cb);","  },","","  /**","   * Write a banner on remote login.","   *","   * @param {String} banner","   * @return {Vantage}","   * @api public","   */","","  banner: function(banner) {","    this._banner = banner || void 0;","    return this;","  },","","  /**","   * Imports an authentication middleware","   * module to replace the server's auth","   * function, which is called when a remote","   * instance of vantage connects.","   *","   * @param {Function} middleware","   * @param {Object} options","   * @return {Vantage}","   * @api public","   */","","  auth: function(middleware, options) {","    if (this.server && this.server.auth) {","      this.server.auth(middleware, options);","    } else {","      throw new Error(\"vantage.auth is only available in Vantage.IO. Please use this (npm install vantage-io --save)\");","    }","    return this;","  },","","  /**","   * Calls authentication middleware","   *","   * @param {Object} args","   * @param {Function} cb","   * @api private","   */","","  _authenticate: function(args, cb) {","    var ssn = this.getSessionById(args.sessionId);","    if (!this._authFn) {","      var nodeEnv = process.env.NODE_ENV || \"development\";","      if (nodeEnv !== \"development\") {","        var msg = \"The Node server you are connecting to appears \"","        + \"to be a production server, and yet its Vantage.js \"","        + \"instance does not support any means of authentication. \\n\"","        + \"To connect to this server without authentication, \"","        + \"ensure its 'NODE_ENV' environmental variable is set \"","        + \"to 'development' (it is currently '\" + nodeEnv + \"').\";","        ssn.log(chalk.yellow(msg));","        ssn.authenticating = false;","        ssn.authenticated = false;","        cb(msg, false);","      } else {","        ssn.authenticating = false;","        ssn.authenticated = true;","        cb(void 0, true);","      }","    } else {","      this._authFn.call(ssn, args, function(message, authenticated) {","        ssn.authenticating = false;","        ssn.authenticated = authenticated;","        if (authenticated === true) {","          cb(void 0, true);","        } else {","          cb(message);","        }","      });","    }","  },","","  /**","   * Starts vantage listening as a server.","   *","   * @param {Mixed} app","   * @param {Object} options","   * @return {Vantage}","   * @api public","   */","","  listen: function(app, options, cb) {","    this.server.init(app, options, cb);","    return this;","  }","","","})","","/**"," * Expose `Vantage`."," */","","exports = module.exports = Vantage;"],"l":{"8":1,"9":1,"10":1,"11":1,"12":1,"13":1,"15":1,"17":1,"19":1,"21":1,"25":1,"29":1,"33":1,"36":1,"38":1,"40":1,"43":1,"49":1,"51":1,"54":1,"72":0,"84":0,"85":0,"101":0,"102":0,"104":0,"106":0,"118":0,"119":0,"120":0,"121":0,"122":0,"128":0,"129":0,"130":0,"131":0,"133":0,"134":0,"135":0,"138":0,"139":0,"140":0,"141":0,"142":0,"144":0,"160":0,"161":0,"171":1}},"/home/travis/build/npmtest/node-npmtest-vantage/node_modules/vantage/lib/server.js":{"path":"/home/travis/build/npmtest/node-npmtest-vantage/node_modules/vantage/lib/server.js","s":{"1":1,"2":1,"3":1,"4":1,"5":0,"6":1,"7":1,"8":1,"9":1,"10":1,"11":1,"12":1,"13":0,"14":0,"15":0,"16":0,"17":0,"18":0,"19":0,"20":0,"21":0,"22":0,"23":0,"24":0,"25":0,"26":0,"27":0,"28":0,"29":0,"30":0,"31":0,"32":0,"33":0,"34":0,"35":0,"36":0,"37":0,"38":0,"39":0,"40":0,"41":0,"42":0,"43":0,"44":0,"45":0,"46":0,"47":0,"48":0,"49":0,"50":0,"51":0,"52":0,"53":0,"54":0,"55":0,"56":0,"57":0,"58":0,"59":0,"60":0,"61":0,"62":0,"63":1,"64":0,"65":0,"66":0,"67":0,"68":0,"69":0,"70":0,"71":1,"72":0,"73":0,"74":0,"75":0,"76":0,"77":0,"78":0,"79":0,"80":0,"81":0,"82":0,"83":0,"84":0,"85":0,"86":0,"87":0,"88":0,"89":0,"90":0,"91":0,"92":0,"93":0,"94":0,"95":0,"96":0,"97":0,"98":0,"99":0,"100":0,"101":0,"102":0,"103":0,"104":0,"105":0,"106":0,"107":0,"108":0,"109":0,"110":0,"111":0,"112":0,"113":0,"114":0,"115":0,"116":0,"117":0,"118":0,"119":0,"120":0,"121":0,"122":0,"123":0,"124":0,"125":0,"126":0,"127":0,"128":0,"129":0,"130":0,"131":0,"132":0,"133":0,"134":0,"135":0,"136":0,"137":0,"138":0,"139":0,"140":0,"141":1,"142":0,"143":0,"144":0,"145":0,"146":1,"147":0,"148":0,"149":0,"150":0,"151":0,"152":0,"153":0,"154":0,"155":1,"156":0,"157":0,"158":0,"159":0,"160":0},"b":{"1":[0,1],"2":[0,0],"3":[0,0],"4":[0,0],"5":[0,0],"6":[0,0],"7":[0,0,0],"8":[0,0],"9":[0,0],"10":[0,0,0],"11":[0,0],"12":[0,0,0],"13":[0,0],"14":[0,0],"15":[0,0],"16":[0,0],"17":[0,0],"18":[0,0],"19":[0,0],"20":[0,0],"21":[0,0],"22":[0,0],"23":[0,0],"24":[0,0],"25":[0,0],"26":[0,0],"27":[0,0],"28":[0,0],"29":[0,0],"30":[0,0],"31":[0,0],"32":[0,0],"33":[0,0],"34":[0,0],"35":[0,0],"36":[0,0,0],"37":[0,0],"38":[0,0],"39":[0,0],"40":[0,0],"41":[0,0],"42":[0,0,0],"43":[0,0],"44":[0,0],"45":[0,0],"46":[0,0],"47":[0,0],"48":[0,0],"49":[0,0],"50":[0,0],"51":[0,0],"52":[0,0,0],"53":[0,0],"54":[0,0],"55":[0,0],"56":[0,0],"57":[0,0]},"f":{"1":1,"2":0,"3":0,"4":0,"5":0,"6":0,"7":0,"8":0,"9":0,"10":0,"11":0,"12":0,"13":0,"14":0,"15":0,"16":0,"17":0,"18":0,"19":0,"20":0,"21":0,"22":0,"23":0,"24":0,"25":0,"26":0,"27":0,"28":0,"29":0,"30":0,"31":0,"32":0,"33":0,"34":0,"35":0},"fnMap":{"1":{"name":"VantageServer","line":23,"loc":{"start":{"line":23,"column":0},"end":{"line":23,"column":31}}},"2":{"name":"(anonymous_2)","line":59,"loc":{"start":{"line":59,"column":21},"end":{"line":59,"column":48}}},"3":{"name":"(anonymous_3)","line":65,"loc":{"start":{"line":65,"column":13},"end":{"line":65,"column":23}}},"4":{"name":"(anonymous_4)","line":83,"loc":{"start":{"line":83,"column":47},"end":{"line":83,"column":57}}},"5":{"name":"(anonymous_5)","line":136,"loc":{"start":{"line":136,"column":31},"end":{"line":136,"column":62}}},"6":{"name":"(anonymous_6)","line":166,"loc":{"start":{"line":166,"column":12},"end":{"line":166,"column":26}}},"7":{"name":"(anonymous_7)","line":191,"loc":{"start":{"line":191,"column":23},"end":{"line":191,"column":36}}},"8":{"name":"(anonymous_8)","line":193,"loc":{"start":{"line":193,"column":13},"end":{"line":193,"column":23}}},"9":{"name":"(anonymous_9)","line":195,"loc":{"start":{"line":195,"column":27},"end":{"line":195,"column":44}}},"10":{"name":"on","line":213,"loc":{"start":{"line":213,"column":4},"end":{"line":213,"column":32}}},"11":{"name":"(anonymous_11)","line":215,"loc":{"start":{"line":215,"column":19},"end":{"line":215,"column":30}}},"12":{"name":"(anonymous_12)","line":217,"loc":{"start":{"line":217,"column":25},"end":{"line":217,"column":36}}},"13":{"name":"(anonymous_13)","line":227,"loc":{"start":{"line":227,"column":36},"end":{"line":227,"column":51}}},"14":{"name":"(anonymous_14)","line":228,"loc":{"start":{"line":228,"column":77},"end":{"line":228,"column":87}}},"15":{"name":"(anonymous_15)","line":231,"loc":{"start":{"line":231,"column":56},"end":{"line":231,"column":80}}},"16":{"name":"(anonymous_16)","line":240,"loc":{"start":{"line":240,"column":35},"end":{"line":240,"column":50}}},"17":{"name":"(anonymous_17)","line":241,"loc":{"start":{"line":241,"column":76},"end":{"line":241,"column":87}}},"18":{"name":"(anonymous_18)","line":250,"loc":{"start":{"line":250,"column":24},"end":{"line":250,"column":35}}},"19":{"name":"(anonymous_19)","line":251,"loc":{"start":{"line":251,"column":31},"end":{"line":251,"column":56}}},"20":{"name":"(anonymous_20)","line":258,"loc":{"start":{"line":258,"column":26},"end":{"line":258,"column":37}}},"21":{"name":"(anonymous_21)","line":276,"loc":{"start":{"line":276,"column":27},"end":{"line":276,"column":38}}},"22":{"name":"(anonymous_22)","line":280,"loc":{"start":{"line":280,"column":21},"end":{"line":280,"column":36}}},"23":{"name":"(anonymous_23)","line":293,"loc":{"start":{"line":293,"column":37},"end":{"line":293,"column":52}}},"24":{"name":"(anonymous_24)","line":294,"loc":{"start":{"line":294,"column":78},"end":{"line":294,"column":89}}},"25":{"name":"(anonymous_25)","line":302,"loc":{"start":{"line":302,"column":33},"end":{"line":302,"column":48}}},"26":{"name":"(anonymous_26)","line":303,"loc":{"start":{"line":303,"column":74},"end":{"line":303,"column":85}}},"27":{"name":"(anonymous_27)","line":308,"loc":{"start":{"line":308,"column":34},"end":{"line":308,"column":49}}},"28":{"name":"(anonymous_28)","line":309,"loc":{"start":{"line":309,"column":75},"end":{"line":309,"column":86}}},"29":{"name":"(anonymous_29)","line":314,"loc":{"start":{"line":314,"column":32},"end":{"line":314,"column":47}}},"30":{"name":"(anonymous_30)","line":315,"loc":{"start":{"line":315,"column":73},"end":{"line":315,"column":84}}},"31":{"name":"(anonymous_31)","line":316,"loc":{"start":{"line":316,"column":40},"end":{"line":316,"column":69}}},"32":{"name":"(anonymous_32)","line":322,"loc":{"start":{"line":322,"column":32},"end":{"line":322,"column":47}}},"33":{"name":"(anonymous_33)","line":361,"loc":{"start":{"line":361,"column":23},"end":{"line":361,"column":34}}},"34":{"name":"(anonymous_34)","line":381,"loc":{"start":{"line":381,"column":21},"end":{"line":381,"column":51}}},"35":{"name":"(anonymous_35)","line":405,"loc":{"start":{"line":405,"column":21},"end":{"line":405,"column":34}}}},"statementMap":{"1":{"start":{"line":7,"column":0},"end":{"line":12,"column":3}},"2":{"start":{"line":12,"column":4},"end":{"line":13,"column":3}},"3":{"start":{"line":23,"column":0},"end":{"line":36,"column":1}},"4":{"start":{"line":24,"column":2},"end":{"line":24,"column":71}},"5":{"start":{"line":24,"column":42},"end":{"line":24,"column":69}},"6":{"start":{"line":25,"column":2},"end":{"line":25,"column":23}},"7":{"start":{"line":32,"column":2},"end":{"line":32,"column":21}},"8":{"start":{"line":34,"column":2},"end":{"line":34,"column":23}},"9":{"start":{"line":35,"column":2},"end":{"line":35,"column":14}},"10":{"start":{"line":42,"column":0},"end":{"line":42,"column":44}},"11":{"start":{"line":48,"column":0},"end":{"line":48,"column":41}},"12":{"start":{"line":59,"column":0},"end":{"line":181,"column":2}},"13":{"start":{"line":60,"column":2},"end":{"line":60,"column":18}},"14":{"start":{"line":64,"column":2},"end":{"line":65,"column":27}},"15":{"start":{"line":70,"column":2},"end":{"line":73,"column":14}},"16":{"start":{"line":77,"column":2},"end":{"line":78,"column":66}},"17":{"start":{"line":82,"column":2},"end":{"line":83,"column":66}},"18":{"start":{"line":85,"column":2},"end":{"line":89,"column":7}},"19":{"start":{"line":91,"column":2},"end":{"line":95,"column":5}},"20":{"start":{"line":98,"column":2},"end":{"line":102,"column":11}},"21":{"start":{"line":104,"column":2},"end":{"line":106,"column":3}},"22":{"start":{"line":105,"column":4},"end":{"line":105,"column":68}},"23":{"start":{"line":108,"column":2},"end":{"line":131,"column":3}},"24":{"start":{"line":109,"column":4},"end":{"line":109,"column":22}},"25":{"start":{"line":112,"column":4},"end":{"line":121,"column":5}},"26":{"start":{"line":113,"column":6},"end":{"line":113,"column":72}},"27":{"start":{"line":114,"column":6},"end":{"line":114,"column":59}},"28":{"start":{"line":115,"column":11},"end":{"line":121,"column":5}},"29":{"start":{"line":117,"column":6},"end":{"line":117,"column":104}},"30":{"start":{"line":118,"column":6},"end":{"line":118,"column":37}},"31":{"start":{"line":120,"column":6},"end":{"line":120,"column":59}},"32":{"start":{"line":123,"column":4},"end":{"line":123,"column":48}},"33":{"start":{"line":124,"column":4},"end":{"line":128,"column":5}},"34":{"start":{"line":125,"column":6},"end":{"line":125,"column":60}},"35":{"start":{"line":127,"column":6},"end":{"line":127,"column":69}},"36":{"start":{"line":129,"column":4},"end":{"line":129,"column":48}},"37":{"start":{"line":130,"column":4},"end":{"line":130,"column":37}},"38":{"start":{"line":133,"column":2},"end":{"line":133,"column":28}},"39":{"start":{"line":134,"column":2},"end":{"line":134,"column":42}},"40":{"start":{"line":136,"column":2},"end":{"line":159,"column":5}},"41":{"start":{"line":138,"column":4},"end":{"line":138,"column":53}},"42":{"start":{"line":139,"column":4},"end":{"line":139,"column":45}},"43":{"start":{"line":140,"column":4},"end":{"line":140,"column":37}},"44":{"start":{"line":141,"column":4},"end":{"line":141,"column":32}},"45":{"start":{"line":142,"column":4},"end":{"line":142,"column":42}},"46":{"start":{"line":146,"column":4},"end":{"line":148,"column":5}},"47":{"start":{"line":147,"column":6},"end":{"line":147,"column":61}},"48":{"start":{"line":149,"column":4},"end":{"line":151,"column":5}},"49":{"start":{"line":150,"column":6},"end":{"line":150,"column":75}},"50":{"start":{"line":153,"column":4},"end":{"line":157,"column":5}},"51":{"start":{"line":154,"column":6},"end":{"line":154,"column":57}},"52":{"start":{"line":156,"column":6},"end":{"line":156,"column":34}},"53":{"start":{"line":161,"column":2},"end":{"line":161,"column":33}},"54":{"start":{"line":162,"column":2},"end":{"line":162,"column":39}},"55":{"start":{"line":164,"column":2},"end":{"line":164,"column":18}},"56":{"start":{"line":166,"column":2},"end":{"line":178,"column":5}},"57":{"start":{"line":167,"column":4},"end":{"line":176,"column":5}},"58":{"start":{"line":168,"column":6},"end":{"line":175,"column":7}},"59":{"start":{"line":172,"column":8},"end":{"line":174,"column":9}},"60":{"start":{"line":173,"column":10},"end":{"line":173,"column":119}},"61":{"start":{"line":177,"column":4},"end":{"line":177,"column":15}},"62":{"start":{"line":180,"column":2},"end":{"line":180,"column":14}},"63":{"start":{"line":191,"column":0},"end":{"line":352,"column":2}},"64":{"start":{"line":192,"column":2},"end":{"line":192,"column":18}},"65":{"start":{"line":193,"column":2},"end":{"line":193,"column":26}},"66":{"start":{"line":195,"column":2},"end":{"line":349,"column":5}},"67":{"start":{"line":197,"column":4},"end":{"line":197,"column":39}},"68":{"start":{"line":198,"column":4},"end":{"line":206,"column":7}},"69":{"start":{"line":208,"column":4},"end":{"line":208,"column":24}},"70":{"start":{"line":209,"column":4},"end":{"line":209,"column":28}},"71":{"start":{"line":213,"column":4},"end":{"line":225,"column":5}},"72":{"start":{"line":214,"column":6},"end":{"line":214,"column":46}},"73":{"start":{"line":215,"column":6},"end":{"line":215,"column":33}},"74":{"start":{"line":216,"column":6},"end":{"line":216,"column":24}},"75":{"start":{"line":217,"column":6},"end":{"line":224,"column":9}},"76":{"start":{"line":218,"column":8},"end":{"line":222,"column":9}},"77":{"start":{"line":220,"column":10},"end":{"line":220,"column":93}},"78":{"start":{"line":221,"column":10},"end":{"line":221,"column":17}},"79":{"start":{"line":223,"column":8},"end":{"line":223,"column":35}},"80":{"start":{"line":227,"column":4},"end":{"line":238,"column":7}},"81":{"start":{"line":228,"column":6},"end":{"line":237,"column":9}},"82":{"start":{"line":229,"column":8},"end":{"line":236,"column":9}},"83":{"start":{"line":230,"column":10},"end":{"line":230,"column":65}},"84":{"start":{"line":231,"column":10},"end":{"line":233,"column":13}},"85":{"start":{"line":232,"column":12},"end":{"line":232,"column":126}},"86":{"start":{"line":235,"column":10},"end":{"line":235,"column":35}},"87":{"start":{"line":240,"column":4},"end":{"line":291,"column":7}},"88":{"start":{"line":241,"column":6},"end":{"line":290,"column":9}},"89":{"start":{"line":242,"column":8},"end":{"line":289,"column":9}},"90":{"start":{"line":243,"column":10},"end":{"line":249,"column":12}},"91":{"start":{"line":250,"column":10},"end":{"line":270,"column":12}},"92":{"start":{"line":251,"column":12},"end":{"line":269,"column":15}},"93":{"start":{"line":252,"column":14},"end":{"line":267,"column":16}},"94":{"start":{"line":259,"column":18},"end":{"line":259,"column":73}},"95":{"start":{"line":260,"column":18},"end":{"line":260,"column":39}},"96":{"start":{"line":261,"column":18},"end":{"line":263,"column":19}},"97":{"start":{"line":262,"column":20},"end":{"line":262,"column":56}},"98":{"start":{"line":264,"column":18},"end":{"line":264,"column":72}},"99":{"start":{"line":265,"column":18},"end":{"line":265,"column":90}},"100":{"start":{"line":268,"column":14},"end":{"line":268,"column":37}},"101":{"start":{"line":271,"column":10},"end":{"line":273,"column":13}},"102":{"start":{"line":275,"column":10},"end":{"line":288,"column":11}},"103":{"start":{"line":276,"column":12},"end":{"line":285,"column":15}},"104":{"start":{"line":277,"column":14},"end":{"line":277,"column":40}},"105":{"start":{"line":278,"column":14},"end":{"line":278,"column":68}},"106":{"start":{"line":279,"column":14},"end":{"line":279,"column":86}},"107":{"start":{"line":281,"column":14},"end":{"line":281,"column":37}},"108":{"start":{"line":282,"column":14},"end":{"line":282,"column":37}},"109":{"start":{"line":283,"column":14},"end":{"line":283,"column":65}},"110":{"start":{"line":284,"column":14},"end":{"line":284,"column":86}},"111":{"start":{"line":287,"column":12},"end":{"line":287,"column":63}},"112":{"start":{"line":293,"column":4},"end":{"line":300,"column":7}},"113":{"start":{"line":294,"column":6},"end":{"line":299,"column":9}},"114":{"start":{"line":295,"column":8},"end":{"line":298,"column":11}},"115":{"start":{"line":302,"column":4},"end":{"line":306,"column":7}},"116":{"start":{"line":303,"column":6},"end":{"line":305,"column":9}},"117":{"start":{"line":304,"column":8},"end":{"line":304,"column":91}},"118":{"start":{"line":308,"column":4},"end":{"line":312,"column":7}},"119":{"start":{"line":309,"column":6},"end":{"line":311,"column":9}},"120":{"start":{"line":310,"column":8},"end":{"line":310,"column":58}},"121":{"start":{"line":314,"column":4},"end":{"line":320,"column":7}},"122":{"start":{"line":315,"column":6},"end":{"line":319,"column":9}},"123":{"start":{"line":316,"column":8},"end":{"line":318,"column":11}},"124":{"start":{"line":317,"column":10},"end":{"line":317,"column":134}},"125":{"start":{"line":322,"column":4},"end":{"line":339,"column":7}},"126":{"start":{"line":324,"column":6},"end":{"line":324,"column":50}},"127":{"start":{"line":326,"column":6},"end":{"line":326,"column":18}},"128":{"start":{"line":327,"column":6},"end":{"line":337,"column":7}},"129":{"start":{"line":328,"column":8},"end":{"line":336,"column":9}},"130":{"start":{"line":330,"column":10},"end":{"line":332,"column":11}},"131":{"start":{"line":331,"column":12},"end":{"line":331,"column":44}},"132":{"start":{"line":333,"column":10},"end":{"line":333,"column":34}},"133":{"start":{"line":335,"column":10},"end":{"line":335,"column":36}},"134":{"start":{"line":338,"column":6},"end":{"line":338,"column":25}},"135":{"start":{"line":341,"column":4},"end":{"line":343,"column":5}},"136":{"start":{"line":342,"column":6},"end":{"line":342,"column":119}},"137":{"start":{"line":345,"column":4},"end":{"line":345,"column":126}},"138":{"start":{"line":347,"column":4},"end":{"line":347,"column":50}},"139":{"start":{"line":348,"column":4},"end":{"line":348,"column":15}},"140":{"start":{"line":351,"column":2},"end":{"line":351,"column":14}},"141":{"start":{"line":361,"column":0},"end":{"line":367,"column":2}},"142":{"start":{"line":362,"column":2},"end":{"line":365,"column":3}},"143":{"start":{"line":363,"column":4},"end":{"line":363,"column":19}},"144":{"start":{"line":364,"column":4},"end":{"line":364,"column":25}},"145":{"start":{"line":366,"column":2},"end":{"line":366,"column":14}},"146":{"start":{"line":381,"column":0},"end":{"line":395,"column":2}},"147":{"start":{"line":382,"column":2},"end":{"line":384,"column":5}},"148":{"start":{"line":386,"column":2},"end":{"line":394,"column":3}},"149":{"start":{"line":387,"column":4},"end":{"line":387,"column":33}},"150":{"start":{"line":388,"column":9},"end":{"line":394,"column":3}},"151":{"start":{"line":389,"column":4},"end":{"line":389,"column":33}},"152":{"start":{"line":390,"column":4},"end":{"line":390,"column":89}},"153":{"start":{"line":392,"column":4},"end":{"line":392,"column":57}},"154":{"start":{"line":393,"column":4},"end":{"line":393,"column":22}},"155":{"start":{"line":405,"column":0},"end":{"line":412,"column":2}},"156":{"start":{"line":406,"column":2},"end":{"line":408,"column":3}},"157":{"start":{"line":407,"column":4},"end":{"line":407,"column":18}},"158":{"start":{"line":409,"column":2},"end":{"line":409,"column":31}},"159":{"start":{"line":410,"column":2},"end":{"line":410,"column":22}},"160":{"start":{"line":411,"column":2},"end":{"line":411,"column":14}}},"branchMap":{"1":{"line":24,"type":"if","locations":[{"start":{"line":24,"column":2},"end":{"line":24,"column":2}},{"start":{"line":24,"column":2},"end":{"line":24,"column":2}}]},"2":{"line":64,"type":"cond-expr","locations":[{"start":{"line":64,"column":33},"end":{"line":64,"column":40}},{"start":{"line":65,"column":7},"end":{"line":65,"column":25}}]},"3":{"line":65,"type":"binary-expr","locations":[{"start":{"line":65,"column":7},"end":{"line":65,"column":9}},{"start":{"line":65,"column":13},"end":{"line":65,"column":25}}]},"4":{"line":70,"type":"cond-expr","locations":[{"start":{"line":70,"column":49},"end":{"line":70,"column":51}},{"start":{"line":71,"column":6},"end":{"line":73,"column":13}}]},"5":{"line":70,"type":"binary-expr","locations":[{"start":{"line":70,"column":13},"end":{"line":70,"column":20}},{"start":{"line":70,"column":24},"end":{"line":70,"column":45}}]},"6":{"line":71,"type":"cond-expr","locations":[{"start":{"line":71,"column":62},"end":{"line":71,"column":79}},{"start":{"line":72,"column":6},"end":{"line":73,"column":13}}]},"7":{"line":71,"type":"binary-expr","locations":[{"start":{"line":71,"column":7},"end":{"line":71,"column":14}},{"start":{"line":71,"column":18},"end":{"line":71,"column":38}},{"start":{"line":71,"column":42},"end":{"line":71,"column":57}}]},"8":{"line":72,"type":"cond-expr","locations":[{"start":{"line":72,"column":19},"end":{"line":72,"column":21}},{"start":{"line":73,"column":6},"end":{"line":73,"column":13}}]},"9":{"line":78,"type":"cond-expr","locations":[{"start":{"line":78,"column":47},"end":{"line":78,"column":50}},{"start":{"line":78,"column
[...]
,"end":{"line":93,"column":3}},"49":{"start":{"line":92,"column":4},"end":{"line":92,"column":62}},"50":{"start":{"line":96,"column":0},"end":{"line":96,"column":26}}},"branchMap":{"1":{"line":20,"type":"binary-expr","locations":[{"start":{"line":20,"column":14},"end":{"line":20,"column":17}},{"start":{"line":20,"column":21},"end":{"line":20,"column":23}}]},"2":{"line":21,"type":"binary-expr","locations":[{"start":{"line":21,"column":11},"end":{"line":21,"column":15}},{"start":{"line":21,"column":19},"end":{"line":21,"column":21}}]},"3":{"line":22,"type":"cond-expr","locations":[{"start":{"line":22,"column":31},"end":{"line":22,"column":35}},{"start":{"line":22,"column":38},"end":{"line":22,"column":44}}]},"4":{"line":23,"type":"cond-expr","locations":[{"start":{"line":23,"column":33},"end":{"line":23,"column":42}},{"start":{"line":23,"column":45},"end":{"line":23,"column":51}}]},"5":{"line":24,"type":"cond-expr","locations":[{"start":{"line":24,"column":33},"end":{"line":24,"column":42}},{"start":{"line":24,"column":45},"end":{"line":24,"column":51}}]},"6":{"line":31,"type":"cond-expr","locations":[{"start":{"line":31,"column":36},"end":{"line":31,"column":44}},{"start":{"line":31,"column":47},"end":{"line":31,"column":53}}]},"7":{"line":32,"type":"cond-expr","locations":[{"start":{"line":32,"column":38},"end":{"line":32,"column":46}},{"start":{"line":32,"column":49},"end":{"line":32,"column":55}}]},"8":{"line":33,"type":"if","locations":[{"start":{"line":33,"column":2},"end":{"line":33,"column":2}},{"start":{"line":33,"column":2},"end":{"line":33,"column":2}}]},"9":{"line":34,"type":"cond-expr","locations":[{"start":{"line":34,"column":36},"end":{"line":34,"column":42}},{"start":{"line":34,"column":45},"end":{"line":34,"column":53}}]},"10":{"line":35,"type":"cond-expr","locations":[{"start":{"line":35,"column":65},"end":{"line":35,"column":73}},{"start":{"line":35,"column":76},"end":{"line":35,"column":82}}]},"11":{"line":35,"type":"binary-expr","locations":[{"start":{"line":35,"column":12},"end":{"line":35,"column":39}},{"start":{"line":35,"column":43},"end":{"line":35,"column":61}}]},"12":{"line":37,"type":"cond-expr","locations":[{"start":{"line":37,"column":23},"end":{"line":37,"column":34}},{"start":{"line":37,"column":37},"end":{"line":37,"column":43}}]},"13":{"line":38,"type":"cond-expr","locations":[{"start":{"line":38,"column":19},"end":{"line":38,"column":23}},{"start":{"line":38,"column":26},"end":{"line":38,"column":30}}]},"14":{"line":51,"type":"if","locations":[{"start":{"line":51,"column":4},"end":{"line":51,"column":4}},{"start":{"line":51,"column":4},"end":{"line":51,"column":4}}]},"15":{"line":55,"type":"if","locations":[{"start":{"line":55,"column":6},"end":{"line":55,"column":6}},{"start":{"line":55,"column":6},"end":{"line":55,"column":6}}]},"16":{"line":60,"type":"if","locations":[{"start":{"line":60,"column":4},"end":{"line":60,"column":4}},{"start":{"line":60,"column":4},"end":{"line":60,"column":4}}]},"17":{"line":72,"type":"if","locations":[{"start":{"line":72,"column":2},"end":{"line":72,"column":2}},{"start":{"line":72,"column":2},"end":{"line":72,"column":2}}]},"18":{"line":81,"type":"if","locations":[{"start":{"line":81,"column":2},"end":{"line":81,"column":2}},{"start":{"line":81,"column":2},"end":{"line":81,"column":2}}]},"19":{"line":91,"type":"if","locations":[{"start":{"line":91,"column":2},"end":{"line":91,"column":2}},{"start":{"line":91,"column":2},"end":{"line":91,"column":2}}]}},"code":["//#!/usr/bin/env node","","\"use strict\";","","var commander = require(\"commander\")","  , Vantage = require(\"../lib/index\")","  , chalk = require(\"chalk\")","  ;","","var command","  , options = {}","  ;","","commander","  .arguments(\"[server]\")","  .option(\"-s, --ssl\", \"Connect using SSL.\")","  .option(\"-u, --user [user]\", \"Connect as a given user.\")","  .option(\"-p, --pass [user]\", \"Password for given user.\")","  .action(function(cmd, opts) {","    command = cmd || \"\";","    opts = opts || {};","    options.ssl = (opts.ssl) ? true : void 0;","    options.user = (opts.user) ? opts.user : void 0;","    options.pass = (opts.pass) ? opts.pass : void 0;","  });","","commander.parse(process.argv);","","function parseConnection(str) {","  var parts = String(str).split(\":\");","  var port = (parts.length === 2) ? parts[1] : void 0;","  var server = (parts.length === 2) ? parts[0] : void 0;","  if (parts.length === 1) {","    server = (isNumber(parts[0])) ? void 0 : parts[0];","    port = (String(parts[0]).length < 6 && isNumber(parts[0])) ? parts[0] : void 0;","  }","  server = (!server) ? \"127.0.0.1\" : server;","  port = (!port) ? \"80\" : port;","  return ({","    server: server,","    port: port","  });","}","","function isNumber(str) {","  return !isNaN(parseInt(str));","}","","function connect(vantage, server, port, opt) {","  return vantage.connect(server, port, opt).then(function(err) {","    if (err) {","      vantage._pause();","      process.exit(1);","    } else {","      if (!vantage.ui.midPrompt()) {","        vantage._prompt();","      }","    }","  }).catch(function(err){","    if (err.stack) {","      vantage.log(err.stack);","    }","    vantage._pause();","    process.exit(1);","  });","}","","function showTour() {","  var fs = require(\"fs\");","  var path = require(\"path\");","  var file = \"/../examples/tour/tour.js\";","  if (fs.existsSync(path.join(__dirname, file))) {","    require(path.join(__dirname, file)); return;","  } else {","    console.log(chalk.yellow(\"\\n  Looks like the tour isn't included in your Vantage instance.\\n  Ensure ./examples/ is in your Vantage directory.\\n\"));","    process.exit(1);","  }","}","","function execute(cmd, opt) {","  if (cmd === \"tour\") {","    return showTour();","  }","","  var vantage = new Vantage();","  vantage.show();","","  var connection = parseConnection(cmd);","","  // If there is somewhere to go, connect.","  if (cmd !== undefined) {","    connect(vantage, connection.server, connection.port, opt);","  }","}","","execute(command, options);",""],"l":{"5":1,"10":1,"14":1,"20":0,"21":0,"22":0,"23":0,"24":0,"27":1,"29":1,"30":1,"31":1,"32":1,"33":1,"34":1,"35":1,"37":1,"38":1,"39":1,"45":1,"46":1,"49":1,"50":0,"51":0,"52":0,"53":0,"55":0,"56":0,"60":0,"61":0,"63":0,"64":0,"68":1,"69":0,"70":0,"71":0,"72":0,"73":0,"75":0,"76":0,"80":1,"81":1,"82":0,"85":1,"86":1,"88":1,"91":1,"92":0,"96":1}},"/home/travis/build/npmtest/node-npmtest-vantage/node_modules/vantage/lib/logger.js":{"path":"/home/travis/build/npmtest/node-npmtest-vantage/node_modules/vantage/lib/logger.js","s":{"1":1,"2":1,"3":0,"4":0,"5":1,"6":0,"7":0,"8":0,"9":0,"10":0,"11":0,"12":0,"13":0,"14":0,"15":0,"16":0,"17":0,"18":0,"19":0,"20":0,"21":0,"22":0,"23":0,"24":0,"25":0,"26":1,"27":0,"28":0,"29":0,"30":0,"31":0,"32":0,"33":0,"34":0,"35":0,"36":0,"37":0,"38":0,"39":0,"40":0,"41":0,"42":0,"43":0,"44":0,"45":0,"46":0,"47":0,"48":0,"49":0,"50":0,"51":0,"52":0,"53":0,"54":0,"55":0,"56":0,"57":0,"58":0,"59":0,"60":0,"61":0,"62":0,"63":0,"64":0,"65":0,"66":0,"67":0,"68":0,"69":0,"70":0,"71":0,"72":0,"73":0,"74":0,"75":1},"b":{"1":[0,0],"2":[0,0],"3":[0,0],"4":[0,0],"5":[0,0],"6":[0,0],"7":[0,0],"8":[0,0],"9":[0,0],"10":[0,0],"11":[0,0],"12":[0,0],"13":[0,0],"14":[0,0],"15":[0,0]},"f":{"1":0,"2":0,"3":0,"4":0,"5":0,"6":0,"7":0},"fnMap":{"1":{"name":"viewed","line":16,"loc":{"start":{"line":16,"column":0},"end":{"line":16,"column":21}}},"2":{"name":"trimTo","line":21,"loc":{"start":{"line":21,"column":0},"end":{"line":21,"column":26}}},"3":{"name":"Logger","line":55,"loc":{"start":{"line":55,"column":0},"end":{"line":55,"column":31}}},"4":{"name":"(anonymous_4)","line":59,"loc":{"start":{"line":59,"column":8},"end":{"line":59,"column":19}}},"5":{"name":"(anonymous_5)","line":63,"loc":{"start":{"line":63,"column":13},"end":{"line":63,"column":24}}},"6":{"name":"(anonymous_6)","line":90,"loc":{"start":{"line":90,"column":13},"end":{"line":90,"column":24}}},"7":{"name":"(anonymous_7)","line":135,"loc":{"start":{"line":135,"column":11},"end":{"line":135,"column":22}}}},"statementMap":{"1":{"start":{"line":5,"column":0},"end":{"line":7,"column":3}},"2":{"start":{"line":16,"column":0},"end":{"line":19,"column":1}},"3":{"start":{"line":17,"column":2},"end":{"line":17,"column":28}},"4":{"start":{"line":18,"column":2},"end":{"line":18,"column":37}},"5":{"start":{"line":21,"column":0},"end":{"line":53,"column":1}},"6":{"start":{"line":23,"column":2},"end":{"line":23,"column":15}},"7":{"start":{"line":24,"column":2},"end":{"line":24,"column":41}},"8":{"start":{"line":25,"column":2},"end":{"line":25,"column":18}},"9":{"start":{"line":26,"column":2},"end":{"line":31,"column":3}},"10":{"start":{"line":27,"column":4},"end":{"line":27,"column":23}},"11":{"start":{"line":28,"column":4},"end":{"line":30,"column":5}},"12":{"start":{"line":29,"column":6},"end":{"line":29,"column":19}},"13":{"start":{"line":29,"column":20},"end":{"line":29,"column":26}},"14":{"start":{"line":33,"column":2},"end":{"line":35,"column":3}},"15":{"start":{"line":34,"column":4},"end":{"line":34,"column":18}},"16":{"start":{"line":37,"column":2},"end":{"line":37,"column":25}},"17":{"start":{"line":37,"column":26},"end":{"line":37,"column":44}},"18":{"start":{"line":38,"column":2},"end":{"line":45,"column":3}},"19":{"start":{"line":39,"column":4},"end":{"line":44,"column":5}},"20":{"start":{"line":40,"column":6},"end":{"line":40,"column":19}},"21":{"start":{"line":41,"column":6},"end":{"line":41,"column":12}},"22":{"start":{"line":43,"column":6},"end":{"line":43,"column":59}},"23":{"start":{"line":47,"column":2},"end":{"line":51,"column":3}},"24":{"start":{"line":48,"column":4},"end":{"line":48,"column":21}},"25":{"start":{"line":50,"column":4},"end":{"line":50,"column":18}},"26":{"start":{"line":55,"column":0},"end":{"line":141,"column":1}},"27":{"start":{"line":57,"column":2},"end":{"line":57,"column":31}},"28":{"start":{"line":59,"column":2},"end":{"line":61,"column":4}},"29":{"start":{"line":60,"column":4},"end":{"line":60,"column":40}},"30":{"start":{"line":63,"column":2},"end":{"line":133,"column":4}},"31":{"start":{"line":65,"column":4},"end":{"line":70,"column":7}},"32":{"start":{"line":72,"column":4},"end":{"line":72,"column":26}},"33":{"start":{"line":74,"column":4},"end":{"line":83,"column":5}},"34":{"start":{"line":75,"column":6},"end":{"line":78,"column":7}},"35":{"start":{"line":76,"column":8},"end":{"line":76,"column":45}},"36":{"start":{"line":77,"column":8},"end":{"line":77,"column":15}},"37":{"start":{"line":79,"column":6},"end":{"line":82,"column":7}},"38":{"start":{"line":80,"column":8},"end":{"line":80,"column":48}},"39":{"start":{"line":81,"column":8},"end":{"line":81,"column":15}},"40":{"start":{"line":85,"column":4},"end":{"line":85,"column":35}},"41":{"start":{"line":86,"column":4},"end":{"line":86,"column":55}},"42":{"start":{"line":88,"column":4},"end":{"line":88,"column":19}},"43":{"start":{"line":90,"column":4},"end":{"line":126,"column":6}},"44":{"start":{"line":91,"column":6},"end":{"line":91,"column":32}},"45":{"start":{"line":92,"column":6},"end":{"line":121,"column":7}},"46":{"start":{"line":94,"column":8},"end":{"line":120,"column":9}},"47":{"start":{"line":95,"column":10},"end":{"line":95,"column":58}},"48":{"start":{"line":96,"column":15},"end":{"line":120,"column":9}},"49":{"start":{"line":97,"column":10},"end":{"line":97,"column":69}},"50":{"start":{"line":100,"column":10},"end":{"line":100,"column":42}},"51":{"start":{"line":102,"column":10},"end":{"line":102,"column":52}},"52":{"start":{"line":103,"column":10},"end":{"line":103,"column":45}},"53":{"start":{"line":105,"column":10},"end":{"line":105,"column":37}},"54":{"start":{"line":106,"column":10},"end":{"line":106,"column":54}},"55":{"start":{"line":107,"column":10},"end":{"line":107,"column":25}},"56":{"start":{"line":111,"column":10},"end":{"line":115,"column":11}},"57":{"start":{"line":112,"column":12},"end":{"line":112,"column":45}},"58":{"start":{"line":113,"column":12},"end":{"line":113,"column":73}},"59":{"start":{"line":114,"column":12},"end":{"line":114,"column":43}},"60":{"start":{"line":117,"column":10},"end":{"line":117,"column":91}},"61":{"start":{"line":118,"column":10},"end":{"line":118,"column":81}},"62":{"start":{"line":119,"column":10},"end":{"line":119,"column":63}},"63":{"start":{"line":119,"column":48},"end":{"line":119,"column":61}},"64":{"start":{"line":122,"column":6},"end":{"line":122,"column":22}},"65":{"start":{"line":123,"column":6},"end":{"line":125,"column":7}},"66":{"start":{"line":124,"column":8},"end":{"line":124,"column":13}},"67":{"start":{"line":127,"column":4},"end":{"line":127,"column":9}},"68":{"start":{"line":129,"column":4},"end":{"line":131,"column":5}},"69":{"start":{"line":130,"column":6},"end":{"line":130,"column":27}},"70":{"start":{"line":132,"column":4},"end":{"line":132,"column":16}},"71":{"start":{"line":135,"column":2},"end":{"line":138,"column":4}},"72":{"start":{"line":136,"column":4},"end":{"line":136,"column":20}},"73":{"start":{"line":137,"column":4},"end":{"line":137,"column":16}},"74":{"start":{"line":140,"column":2},"end":{"line":140,"column":18}},"75":{"start":{"line":147,"column":0},"end":{"line":147,"column":34}}},"branchMap":{"1":{"line":28,"type":"if","locations":[{"start":{"line":28,"column":4},"end":{"line":28,"column":4}},{"start":{"line":28,"column":4},"end":{"line":28,"column":4}}]},"2":{"line":33,"type":"if","locations":[{"start":{"line":33,"column":2},"end":{"line":33,"column":2}},{"start":{"line":33,"column":2},"end":{"line":33,"column":2}}]},"3":{"line":39,"type":"if","locations":[{"start":{"line":39,"column":4},"end":{"line":39,"column":4}},{"start":{"line":39,"column":4},"end":{"line":39,"column":4}}]},"4":{"line":47,"type":"if","locations":[{"start":{"line":47,"column":2},"end":{"line":47,"column":2}},{"start":{"line":47,"column":2},"end":{"line":47,"column":2}}]},"5":{"line":57,"type":"binary-expr","locations":[{"start":{"line":57,"column":15},"end":{"line":57,"column":19}},{"start":{"line":57,"column":23},"end":{"line":57,"column":30}}]},"6":{"line":75,"type":"if","locations":[{"start":{"line":75,"column":6},"end":{"line":75,"column":6}},{"start":{"line":75,"column":6},"end":{"line":75,"column":6}}]},"7":{"line":79,"type":"if","locations":[{"start":{"line":79,"column":6},"end":{"line":79,"column":6}},{"start":{"line":79,"column":6},"end":{"line":79,"column":6}}]},"8":{"line":79,"type":"binary-expr","locations":[{"start":{"line":79,"column":10},"end":{"line":79,"column":33}},{"start":{"line":79,"column":37},"end":{"line":79,"column":72}}]},"9":{"line":94,"type":"if","locations":[{"start":{"line":94,"column":8},"end":{"line":94,"column":8}},{"start":{"line":94,"column":8},"end":{"line":94,"column":8}}]},"10":{"line":96,"type":"if","locations":[{"start":{"line":96,"column":15},"end":{"line":96,"column":15}},{"start":{"line":96,"column":15},"end":{"line":96,"column":15}}]},"11":{"line":96,"type":"binary-expr","locations":[{"start":{"line":96,"column":19},"end":{"line":96,"column":38}},{"start":{"line":96,"column":42},"end":{"line":96,"column":73}}]},"12":{"line":111,"type":"if","locations":[{"start":{"line":111,"column":10},"end":{"line":111,"column":10}},{"start":{"line":111,"column":10},"end":{"line":111,"column":10}}]},"13":{"line":111,"type":"binary-expr","locations":[{"start":{"line":111,"column":14},"end":{"line":111,"column":21}},{"start":{"line":111,"column":25},"end":{"line":111,"column":70}}]},"14":{"line":119,"type":"if","locations":[{"start":{"line":119,"column":10},"end":{"line":119,"column":10}},{"start":{"line":119,"column":10},"end":{"line":119,"column":10}}]},"15":{"line":123,"type":"if","locations":[{"start":{"line":123,"column":6},"end":{"line":123,"column":6}},{"start":{"line":123,"column":6},"end":{"line":123,"column":6}}]}},"code":["/**"," * Module dependencies."," */","","var _ = require(\"lodash\")","  , ut = require(\"util\")","  ;","","/**"," * Initialize a new `Logger` instance."," *"," * @return {Logger}"," * @api public"," */","","function viewed(str) {","  var re = /\\u001b\\[\\d+m/gm;","  return String(str).replace(re, \"\");","}","","function trimTo(str, amt) {","","  var raw = \"\";","  var visual = viewed(str).slice(0, amt);","  var result = \"\";","  for (var i = 0; i < str.length; ++i) {","    raw = raw + str[i];","    if (viewed(raw) === visual) {","      result = raw; break;","    }","  }","","  if (result.length < amt - 10) {","    return result;","  }","","  var newResult = result; var found = false;","  for (var j = result.length; j > 0; --j) {","    if (result[j] === \" \") {","      found = true;","      break;","    } else {","      newResult = newResult.slice(0, newResult.length - 1);","    }","  }","","  if (found === true) {","    return newResult;","  } else {","    return result;","  }","","}","","function Logger(cons, vantage) {","","  var logger = cons || console;","","  log = function() {","    logger.log.apply(logger, arguments);","  };","","  log.cols = function() {","","    var width = process.stdout.columns","      , pads = 0","      , padsWidth = 0","      , cols = 0","      , colsWidth = 0","      ;","","    var input = arguments;","","    for (var h = 0; h < arguments.length; ++h) {","      if (typeof arguments[h] === \"number\") {","        padsWidth = padsWidth + arguments[h];","        pads++;","      }","      if (_.isArray(arguments[h]) && typeof arguments[h][0] === \"number\") {","        padsWidth = padsWidth + arguments[h][0];","        pads++;","      }","    }","","    cols = arguments.length - pads;","    colsWidth = Math.floor((width - padsWidth) / cols);","","    var lines = [];","","    var go = function() {","      var str = \"\", done = true;","      for (var i = 0; i < input.length; ++i) {","","        if (typeof input[i] === \"number\") {","          str = str + vantage.util.pad(\"\", input[i], \" \");","        } else if (_.isArray(input[i]) && typeof input[i][0] === \"number\") {","          str = str + vantage.util.pad(\"\", input[i][0], input[i][1]);","        } else {","","          var chosenWidth = colsWidth + 0;","","          var trimmed = trimTo(input[i], colsWidth);","          var trimmedLength = trimmed.length;","","          var re = /\\\\u001b\\[\\d+m/gm;","          var matches = ut.inspect(trimmed).match(re);","          var color = \"\";","","          // Ugh. We're chopping a line, so we have to look for unfinished","          // color assignments and throw them on the next line.","          if (matches && matches[matches.length - 1] !== \"\\\\u001b[39m\") {","            trimmed = trimmed + \"\\u001b[39m\";","            var number = String(matches[matches.length - 1]).slice(7, 9);","            color = \"\\x1B[\" + number + \"m\";","          }","","          input[i] = color + String(input[i].slice(trimmedLength, input[i].length)).trim();","          str = str + vantage.util.pad(String(trimmed).trim(), chosenWidth, \" \");","          if (viewed(input[i]).trim() !== \"\") { done = false; }","        }","      }","      lines.push(str);","      if (!done) {","        go();","      }","    };","    go();","","    for (var i = 0; i < lines.length; ++i) {","      logger.log(lines[i]);","    }","    return this;","  };","","  log.br = function() {","    logger.log(\" \");","    return this;","  };","","  return this.log;","}","","/**"," * Expose `logger`."," */","","module.exports = exports = Logger;",""],"l":{"5":1,"16":1,"17":0,"18":0,"21":1,"23":0,"24":0,"25":0,"26":0,"27":0,"28":0,"29":0,"33":0,"34":0,"37":0,"38":0,"39":0,"40":0,"41":0,"43":0,"47":0,"48":0,"50":0,"55":1,"57":0,"59":0,"60":0,"63":0,"65":0,"72":0,"74":0,"75":0,"76":0,"77":0,"79":0,"80":0,"81":0,"85":0,"86":0,"88":0,"90":0,"91":0,"92":0,"94":0,"95":0,"96":0,"97":0,"100":0,"102":0,"103":0,"105":0,"106":0,"107":0,"111":0,"112":0,"113":0,"114":0,"117":0,"118":0,"119":0,"122":0,"123":0,"124":0,"127":0,"129":0,"130":0,"132":0,"135":0,"136":0,"137":0,"140":0,"147":1}}}